[13.05.23|14:58:52] Folder: "/db" FOUND
[13.05.23|14:58:52] DATABASE: "users.db" FOUND
[13.05.23|14:58:52] TABLE: "Users" FOUND
[13.05.23|14:58:52] DATABASE: "posts.db" FOUND
[13.05.23|14:58:52] TABLE: "Posts" FOUND
[13.05.23|14:58:52] DATABASE: "comments.db" FOUND
[13.05.23|14:58:52] TABLE: "Comments" FOUND
[13.05.23|14:58:53] Folder: "/db" FOUND
[13.05.23|14:58:53] DATABASE: "users.db" FOUND
[13.05.23|14:58:53] TABLE: "Users" FOUND
[13.05.23|14:58:53] DATABASE: "posts.db" FOUND
[13.05.23|14:58:53] TABLE: "Posts" FOUND
[13.05.23|14:58:53] DATABASE: "comments.db" FOUND
[13.05.23|14:58:53] TABLE: "Comments" FOUND
[13.05.23|14:59:17] Folder: "/db" FOUND
[13.05.23|14:59:17] DATABASE: "users.db" FOUND
[13.05.23|14:59:17] TABLE: "Users" FOUND
[13.05.23|14:59:17] DATABASE: "posts.db" FOUND
[13.05.23|14:59:17] TABLE: "Posts" FOUND
[13.05.23|14:59:17] DATABASE: "comments.db" FOUND
[13.05.23|14:59:17] TABLE: "Comments" FOUND
[13.05.23|14:59:17] Folder: "/db" FOUND
[13.05.23|14:59:17] DATABASE: "users.db" FOUND
[13.05.23|14:59:17] TABLE: "Users" FOUND
[13.05.23|14:59:17] DATABASE: "posts.db" FOUND
[13.05.23|14:59:17] TABLE: "Posts" FOUND
[13.05.23|14:59:17] DATABASE: "comments.db" FOUND
[13.05.23|14:59:17] TABLE: "Comments" FOUND
[13.05.23|14:59:27] Folder: "/db" FOUND
[13.05.23|14:59:27] DATABASE: "users.db" FOUND
[13.05.23|14:59:27] TABLE: "Users" FOUND
[13.05.23|14:59:27] DATABASE: "posts.db" FOUND
[13.05.23|14:59:27] TABLE: "Posts" FOUND
[13.05.23|14:59:27] DATABASE: "comments.db" FOUND
[13.05.23|14:59:27] TABLE: "Comments" FOUND
[13.05.23|14:59:27] Folder: "/db" FOUND
[13.05.23|14:59:27] DATABASE: "users.db" FOUND
[13.05.23|14:59:27] TABLE: "Users" FOUND
[13.05.23|14:59:27] DATABASE: "posts.db" FOUND
[13.05.23|14:59:27] TABLE: "Posts" FOUND
[13.05.23|14:59:27] DATABASE: "comments.db" FOUND
[13.05.23|14:59:27] TABLE: "Comments" FOUND
[13.05.23|15:00:00] Folder: "/db" FOUND
[13.05.23|15:00:00] DATABASE: "users.db" FOUND
[13.05.23|15:00:00] TABLE: "Users" FOUND
[13.05.23|15:00:00] DATABASE: "posts.db" FOUND
[13.05.23|15:00:00] TABLE: "Posts" FOUND
[13.05.23|15:00:00] DATABASE: "comments.db" FOUND
[13.05.23|15:00:00] TABLE: "Comments" FOUND
[13.05.23|15:00:00] Folder: "/db" FOUND
[13.05.23|15:00:00] DATABASE: "users.db" FOUND
[13.05.23|15:00:00] TABLE: "Users" FOUND
[13.05.23|15:00:00] DATABASE: "posts.db" FOUND
[13.05.23|15:00:00] TABLE: "Posts" FOUND
[13.05.23|15:00:00] DATABASE: "comments.db" FOUND
[13.05.23|15:00:00] TABLE: "Comments" FOUND
[13.05.23|15:00:44] Folder: "/db" FOUND
[13.05.23|15:00:44] DATABASE: "users.db" FOUND
[13.05.23|15:00:44] TABLE: "Users" FOUND
[13.05.23|15:00:44] DATABASE: "posts.db" FOUND
[13.05.23|15:00:44] TABLE: "Posts" FOUND
[13.05.23|15:00:44] DATABASE: "comments.db" FOUND
[13.05.23|15:00:44] TABLE: "Comments" FOUND
[13.05.23|15:00:44] Folder: "/db" FOUND
[13.05.23|15:00:44] DATABASE: "users.db" FOUND
[13.05.23|15:00:44] TABLE: "Users" FOUND
[13.05.23|15:00:44] DATABASE: "posts.db" FOUND
[13.05.23|15:00:44] TABLE: "Posts" FOUND
[13.05.23|15:00:44] DATABASE: "comments.db" FOUND
[13.05.23|15:00:44] TABLE: "Comments" FOUND
[13.05.23|15:01:33] Folder: "/db" FOUND
[13.05.23|15:01:33] DATABASE: "users.db" FOUND
[13.05.23|15:01:33] TABLE: "Users" FOUND
[13.05.23|15:01:33] DATABASE: "posts.db" FOUND
[13.05.23|15:01:33] TABLE: "Posts" FOUND
[13.05.23|15:01:33] DATABASE: "comments.db" FOUND
[13.05.23|15:01:33] TABLE: "Comments" FOUND
[13.05.23|15:01:48] POST: "1" FOUND
[13.05.23|15:03:27] USER: "admin" ADDED TO DATABASE
[13.05.23|15:03:36] 1 POINTS ADDED TO "admin"
[13.05.23|15:03:36] USER: "admin" LOGGED IN
[13.05.23|15:03:39] USER: "admin" FOUND
[13.05.23|15:03:39] USER: "admin"s PAGE LOADED
[13.05.23|15:03:44] USER: "admin" FOUND
[13.05.23|15:03:44] USER: "admin"s PAGE LOADED
[13.05.23|15:03:57] POST: "hello" POSTED
[13.05.23|15:03:57] 20 POINTS ADDED TO "admin"
[13.05.23|15:04:14] 404
[13.05.23|15:07:01] Folder: "/db" FOUND
[13.05.23|15:07:01] DATABASE: "users.db" FOUND
[13.05.23|15:07:01] TABLE: "Users" FOUND
[13.05.23|15:07:01] DATABASE: "posts.db" FOUND
[13.05.23|15:07:01] TABLE: "Posts" NOT FOUND
[13.05.23|15:07:01] TABLE: "Posts" CREATED
[13.05.23|15:07:01] DATABASE: "comments.db" FOUND
[13.05.23|15:07:01] TABLE: "Comments" FOUND
[13.05.23|15:07:28] 1 POINTS ADDED TO "admin"
[13.05.23|15:07:28] USER: "admin" LOGGED IN
[13.05.23|15:08:05] USER: "admin" FOUND
[13.05.23|15:08:05] USER: "admin"s PAGE LOADED
[13.05.23|15:08:05] USER: "admin" FOUND
[13.05.23|15:08:05] USER: "admin"s PAGE LOADED
[13.05.23|15:14:34] USER: "admin" FOUND
[13.05.23|15:14:34] USER: "admin"s PAGE LOADED
[13.05.23|15:14:49] 404
[13.05.23|15:14:53] 404
[13.05.23|15:14:56] 404
[13.05.23|15:18:38] USER: "admin" FOUND
[13.05.23|15:18:38] USER: "admin"s PAGE LOADED
[13.05.23|15:20:00] USER: "admin" FOUND
[13.05.23|15:20:00] USER: "admin"s PAGE LOADED
[13.05.23|15:20:01] USER: "admin" FOUND
[13.05.23|15:20:01] USER: "admin"s PAGE LOADED
[13.05.23|15:20:19] USER NOT LOGGED IN
[13.05.23|15:20:19] 404
[13.05.23|15:21:40] Folder: "/db" FOUND
[13.05.23|15:21:40] DATABASE: "users.db" FOUND
[13.05.23|15:21:40] TABLE: "Users" FOUND
[13.05.23|15:21:40] DATABASE: "posts.db" FOUND
[13.05.23|15:21:40] TABLE: "Posts" FOUND
[13.05.23|15:21:40] DATABASE: "comments.db" FOUND
[13.05.23|15:21:40] TABLE: "Comments" FOUND
[13.05.23|15:24:11] Folder: "/db" FOUND
[13.05.23|15:24:11] DATABASE: "users.db" FOUND
[13.05.23|15:24:11] TABLE: "Users" FOUND
[13.05.23|15:24:11] DATABASE: "posts.db" FOUND
[13.05.23|15:24:11] TABLE: "Posts" FOUND
[13.05.23|15:24:11] DATABASE: "comments.db" FOUND
[13.05.23|15:24:11] TABLE: "Comments" FOUND
[13.05.23|15:24:11] Folder: "/db" FOUND
[13.05.23|15:24:11] DATABASE: "users.db" FOUND
[13.05.23|15:24:11] TABLE: "Users" FOUND
[13.05.23|15:24:11] DATABASE: "posts.db" FOUND
[13.05.23|15:24:11] TABLE: "Posts" FOUND
[13.05.23|15:24:11] DATABASE: "comments.db" FOUND
[13.05.23|15:24:11] TABLE: "Comments" FOUND
[13.05.23|15:25:13] Folder: "/db" FOUND
[13.05.23|15:25:13] DATABASE: "users.db" FOUND
[13.05.23|15:25:13] TABLE: "Users" FOUND
[13.05.23|15:25:13] DATABASE: "posts.db" FOUND
[13.05.23|15:25:13] TABLE: "Posts" FOUND
[13.05.23|15:25:13] DATABASE: "comments.db" FOUND
[13.05.23|15:25:13] TABLE: "Comments" FOUND
[13.05.23|15:25:13] Folder: "/db" FOUND
[13.05.23|15:25:13] DATABASE: "users.db" FOUND
[13.05.23|15:25:13] TABLE: "Users" FOUND
[13.05.23|15:25:13] DATABASE: "posts.db" FOUND
[13.05.23|15:25:13] TABLE: "Posts" FOUND
[13.05.23|15:25:13] DATABASE: "comments.db" FOUND
[13.05.23|15:25:13] TABLE: "Comments" FOUND
[13.05.23|15:25:28] Folder: "/db" FOUND
[13.05.23|15:25:28] DATABASE: "users.db" FOUND
[13.05.23|15:25:28] TABLE: "Users" FOUND
[13.05.23|15:25:28] DATABASE: "posts.db" FOUND
[13.05.23|15:25:28] TABLE: "Posts" FOUND
[13.05.23|15:25:28] DATABASE: "comments.db" FOUND
[13.05.23|15:25:28] TABLE: "Comments" FOUND
[13.05.23|15:25:28] Folder: "/db" FOUND
[13.05.23|15:25:28] DATABASE: "users.db" FOUND
[13.05.23|15:25:28] TABLE: "Users" FOUND
[13.05.23|15:25:28] DATABASE: "posts.db" FOUND
[13.05.23|15:25:28] TABLE: "Posts" FOUND
[13.05.23|15:25:28] DATABASE: "comments.db" FOUND
[13.05.23|15:25:28] TABLE: "Comments" FOUND
[13.05.23|15:25:52] Folder: "/db" FOUND
[13.05.23|15:25:52] DATABASE: "users.db" FOUND
[13.05.23|15:25:52] TABLE: "Users" FOUND
[13.05.23|15:25:52] DATABASE: "posts.db" FOUND
[13.05.23|15:25:52] TABLE: "Posts" FOUND
[13.05.23|15:25:52] DATABASE: "comments.db" FOUND
[13.05.23|15:25:52] TABLE: "Comments" FOUND
[13.05.23|15:26:00] USER NOT LOGGED IN
[13.05.23|15:26:00] 404
[13.05.23|15:27:32] 1 POINTS ADDED TO "admin"
[13.05.23|15:27:32] USER: "admin" LOGGED IN
[13.05.23|15:27:59] POST: "InitCorp" POSTED
[13.05.23|15:27:59] 20 POINTS ADDED TO "admin"
[13.05.23|15:28:21] USER: "admin" LOGGED OUT
[13.05.23|15:29:06] Folder: "/db" FOUND
[13.05.23|15:29:06] DATABASE: "users.db" FOUND
[13.05.23|15:29:06] TABLE: "Users" FOUND
[13.05.23|15:29:06] DATABASE: "posts.db" FOUND
[13.05.23|15:29:06] TABLE: "Posts" FOUND
[13.05.23|15:29:06] DATABASE: "comments.db" FOUND
[13.05.23|15:29:06] TABLE: "Comments" FOUND
[13.05.23|15:30:07] 404
[13.05.23|15:30:30] POST: "1" FOUND
[13.05.23|15:33:11] 404
[13.05.23|15:34:22] 404
[13.05.23|15:35:18] USER: "'or''='" NOT FOUND
[13.05.23|15:35:59] 1 POINTS ADDED TO "admin"
[13.05.23|15:35:59] USER: "admin" LOGGED IN
[13.05.23|15:37:11] POST: "1" FOUND
[13.05.23|15:37:39] POST: "1" FOUND
[13.05.23|15:37:39] 5 POINTS ADDED TO "admin"
[13.05.23|15:37:39] POST: "1" FOUND
[13.05.23|15:37:48] COMMENT: "3" DELETED
[13.05.23|15:37:48] POST: "1" FOUND
[13.05.23|15:37:49] USER: "admin" LOGGED OUT
[13.05.23|15:37:50] POST: "1" FOUND
[13.05.23|19:49:25] Folder: "/db" FOUND
[13.05.23|19:49:25] DATABASE: "users.db" FOUND
[13.05.23|19:49:25] TABLE: "Users" FOUND
[13.05.23|19:49:25] DATABASE: "posts.db" FOUND
[13.05.23|19:49:25] TABLE: "Posts" FOUND
[13.05.23|19:49:25] DATABASE: "comments.db" FOUND
[13.05.23|19:49:25] TABLE: "Comments" FOUND
[13.05.23|19:49:36] Folder: "/db" FOUND
[13.05.23|19:49:36] DATABASE: "users.db" FOUND
[13.05.23|19:49:36] TABLE: "Users" FOUND
[13.05.23|19:49:36] DATABASE: "posts.db" FOUND
[13.05.23|19:49:36] TABLE: "Posts" FOUND
[13.05.23|19:49:36] DATABASE: "comments.db" FOUND
[13.05.23|19:49:36] TABLE: "Comments" FOUND
[13.05.23|19:57:26] Folder: "/db" FOUND
[13.05.23|19:57:26] DATABASE: "users.db" FOUND
[13.05.23|19:57:26] TABLE: "Users" FOUND
[13.05.23|19:57:26] DATABASE: "posts.db" FOUND
[13.05.23|19:57:26] TABLE: "Posts" FOUND
[13.05.23|19:57:26] DATABASE: "comments.db" FOUND
[13.05.23|19:57:26] TABLE: "Comments" FOUND
[13.05.23|19:57:45] 1 POINTS ADDED TO "admin"
[13.05.23|19:57:45] USER: "admin" LOGGED IN
[13.05.23|19:57:47] POST: "1" FOUND
[13.05.23|19:57:49] POST: "1" FOUND
[13.05.23|20:01:31] POST: "1" FOUND
[13.05.23|20:01:31] POST: "InitCorp" EDITED
[13.05.23|20:01:31] POST: "1" FOUND
[13.05.23|20:01:36] POST: "1" FOUND
[13.05.23|20:02:36] POST: "1" FOUND
[13.05.23|20:02:36] POST: "InitCorp" EDITED
[13.05.23|20:02:36] POST: "1" FOUND
[13.05.23|20:23:41] USER: "admin" LOGGED OUT
[13.05.23|20:23:49] 1 POINTS ADDED TO "admin"
[13.05.23|20:23:49] USER: "admin" LOGGED IN
[13.05.23|20:24:07] Folder: "/db" FOUND
[13.05.23|20:24:07] DATABASE: "users.db" FOUND
[13.05.23|20:24:07] TABLE: "Users" FOUND
[13.05.23|20:24:07] DATABASE: "posts.db" FOUND
[13.05.23|20:24:07] TABLE: "Posts" FOUND
[13.05.23|20:24:07] DATABASE: "comments.db" FOUND
[13.05.23|20:24:07] TABLE: "Comments" FOUND
[13.05.23|20:24:12] USER NOT LOGGED IN
[13.05.23|20:24:13] 404
[13.05.23|20:25:00] Folder: "/db" FOUND
[13.05.23|20:25:00] DATABASE: "users.db" FOUND
[13.05.23|20:25:00] TABLE: "Users" FOUND
[13.05.23|20:25:00] DATABASE: "posts.db" FOUND
[13.05.23|20:25:00] TABLE: "Posts" FOUND
[13.05.23|20:25:00] DATABASE: "comments.db" FOUND
[13.05.23|20:25:00] TABLE: "Comments" FOUND
[13.05.23|20:25:04] POST: "1" FOUND
[13.05.23|20:26:21] Folder: "/db" FOUND
[13.05.23|20:26:21] DATABASE: "users.db" FOUND
[13.05.23|20:26:21] TABLE: "Users" FOUND
[13.05.23|20:26:21] DATABASE: "posts.db" FOUND
[13.05.23|20:26:21] TABLE: "Posts" FOUND
[13.05.23|20:26:21] DATABASE: "comments.db" FOUND
[13.05.23|20:26:21] TABLE: "Comments" FOUND
[13.05.23|20:26:25] POST: "1" FOUND
[13.05.23|20:26:25] POST: "1" FOUND
[13.05.23|20:27:42] Folder: "/db" FOUND
[13.05.23|20:27:42] DATABASE: "users.db" FOUND
[13.05.23|20:27:42] TABLE: "Users" FOUND
[13.05.23|20:27:42] DATABASE: "posts.db" FOUND
[13.05.23|20:27:42] TABLE: "Posts" FOUND
[13.05.23|20:27:42] DATABASE: "comments.db" FOUND
[13.05.23|20:27:42] TABLE: "Comments" FOUND
[13.05.23|20:27:46] 1 POINTS ADDED TO "admin"
[13.05.23|20:27:46] USER: "admin" LOGGED IN
[13.05.23|20:27:48] USER: "admin" FOUND
[13.05.23|20:27:48] USER: "admin"s PAGE LOADED
[13.05.23|20:28:03] USER: "admin" FOUND
[13.05.23|20:28:03] USER: "admin"s PAGE LOADED
[13.05.23|20:28:04] USER: "admin" FOUND
[13.05.23|20:28:04] USER: "admin"s PAGE LOADED
[13.05.23|20:28:11] USER: "admin" FOUND
[13.05.23|20:28:11] USER: "admin"s PAGE LOADED
[13.05.23|20:28:38] 1 POINTS ADDED TO "admin"
[13.05.23|20:28:38] USER: "admin" LOGGED IN
[13.05.23|20:28:39] USER: "admin" FOUND
[13.05.23|20:28:39] USER: "admin"s PAGE LOADED
[13.05.23|20:30:11] USER: "admin" FOUND
[13.05.23|20:30:11] USER: "admin"s PAGE LOADED
[13.05.23|20:30:11] USER: "admin" FOUND
[13.05.23|20:30:11] USER: "admin"s PAGE LOADED
[13.05.23|20:30:12] USER: "admin" FOUND
[13.05.23|20:30:12] USER: "admin"s PAGE LOADED
[13.05.23|20:30:21] 1 POINTS ADDED TO "admin"
[13.05.23|20:30:21] USER: "admin" LOGGED IN
[13.05.23|20:35:05] USER: "admin" LOGGED OUT
[13.05.23|20:35:25] 1 POINTS ADDED TO "admin"
[13.05.23|20:35:25] USER: "admin" LOGGED IN
[13.05.23|20:35:27] USER: "admin" FOUND
[13.05.23|20:35:27] USER: "admin"s PAGE LOADED
[13.05.23|20:35:37] USER: "admin" FOUND
[13.05.23|20:35:37] USER: "admin"s PAGE LOADED
[13.05.23|20:35:38] USER: "admin" FOUND
[13.05.23|20:35:38] USER: "admin"s PAGE LOADED
[13.05.23|20:35:38] USER: "admin" FOUND
[13.05.23|20:35:38] USER: "admin"s PAGE LOADED
[13.05.23|20:38:16] POST: "1" FOUND
[13.05.23|20:38:33] WRONG PASSWORD
[13.05.23|20:38:38] 1 POINTS ADDED TO "admin"
[13.05.23|20:38:38] USER: "admin" LOGGED IN
[13.05.23|20:39:23] POST: "1" FOUND
[13.05.23|20:39:33] USER: "admin" FOUND
[13.05.23|20:39:33] USER: "admin"s PAGE LOADED
[13.05.23|20:39:45] USER: "admin" FOUND
[13.05.23|20:39:45] USER: "admin"s PAGE LOADED
[13.05.23|20:39:48] USER: "admin" FOUND
[13.05.23|20:39:48] USER: "admin"s PAGE LOADED
[13.05.23|20:41:52] Folder: "/db" FOUND
[13.05.23|20:41:52] DATABASE: "users.db" FOUND
[13.05.23|20:41:52] TABLE: "Users" FOUND
[13.05.23|20:41:52] DATABASE: "posts.db" FOUND
[13.05.23|20:41:52] TABLE: "Posts" FOUND
[13.05.23|20:41:52] DATABASE: "comments.db" FOUND
[13.05.23|20:41:52] TABLE: "Comments" FOUND
[13.05.23|20:42:03] USER: "admin" FOUND
[13.05.23|20:42:03] USER: "admin"s PAGE LOADED
[13.05.23|20:42:07] USER: "admin" FOUND
[13.05.23|20:42:07] USER: "admin"s PAGE LOADED
[13.05.23|20:42:08] USER: "admin" FOUND
[13.05.23|20:42:08] USER: "admin"s PAGE LOADED
[13.05.23|20:42:08] USER: "admin" FOUND
[13.05.23|20:42:08] USER: "admin"s PAGE LOADED
[13.05.23|20:45:36] Folder: "/db" FOUND
[13.05.23|20:45:36] DATABASE: "users.db" FOUND
[13.05.23|20:45:36] TABLE: "Users" FOUND
[13.05.23|20:45:36] DATABASE: "posts.db" FOUND
[13.05.23|20:45:36] TABLE: "Posts" FOUND
[13.05.23|20:45:36] DATABASE: "comments.db" FOUND
[13.05.23|20:45:36] TABLE: "Comments" FOUND
[13.05.23|20:45:40] USER: "5" ALREADY LOGGED IN
[13.05.23|20:45:41] USER: "5" ALREADY LOGGED IN
[13.05.23|20:45:42] USER: "5" ALREADY LOGGED IN
[13.05.23|20:45:42] USER: "5" ALREADY LOGGED IN
[13.05.23|20:45:43] USER: "5" ALREADY LOGGED IN
[13.05.23|20:45:43] USER: "5" ALREADY LOGGED IN
[13.05.23|20:45:44] USER: "5" ALREADY LOGGED IN
[13.05.23|20:45:44] USER: "5" ALREADY LOGGED IN
[13.05.23|20:45:50] USER: "5" ALREADY LOGGED IN
[13.05.23|20:45:51] USER: "5" ALREADY LOGGED IN
[13.05.23|20:45:51] USER: "5" ALREADY LOGGED IN
[13.05.23|20:45:52] USER: "5" ALREADY LOGGED IN
[13.05.23|20:45:54] POST: "1" FOUND
[13.05.23|20:47:13] USER: "5" ALREADY LOGGED IN
[13.05.23|20:47:23] Folder: "/db" FOUND
[13.05.23|20:47:23] DATABASE: "users.db" FOUND
[13.05.23|20:47:23] TABLE: "Users" FOUND
[13.05.23|20:47:23] DATABASE: "posts.db" FOUND
[13.05.23|20:47:23] TABLE: "Posts" FOUND
[13.05.23|20:47:23] DATABASE: "comments.db" FOUND
[13.05.23|20:47:23] TABLE: "Comments" FOUND
[13.05.23|20:47:27] USER: "5" ALREADY LOGGED IN
[13.05.23|20:47:48] USER: "admin" LOGGED IN
[13.05.23|20:47:52] POST: "1" FOUND
[13.05.23|20:47:54] USER: "5" ALREADY LOGGED IN
[13.05.23|20:47:54] POST: "1" FOUND
[13.05.23|20:47:55] USER: "5" ALREADY LOGGED IN
[13.05.23|20:47:55] POST: "1" FOUND
[13.05.23|20:48:02] USER: "5" ALREADY LOGGED IN
[13.05.23|20:48:06] USER: "5" ALREADY LOGGED IN
[13.05.23|20:48:07] USER: "5" ALREADY LOGGED IN
[13.05.23|20:48:07] USER: "5" ALREADY LOGGED IN
[13.05.23|20:48:26] USER: "admin" LOGGED IN
[13.05.23|20:48:29] USER: "5" ALREADY LOGGED IN
[13.05.23|20:48:30] USER: "5" ALREADY LOGGED IN
[13.05.23|20:48:31] POST: "1" FOUND
[13.05.23|20:48:47] USER: "5" ALREADY LOGGED IN
[13.05.23|20:51:16] Folder: "/db" FOUND
[13.05.23|20:51:16] DATABASE: "users.db" FOUND
[13.05.23|20:51:16] TABLE: "Users" FOUND
[13.05.23|20:51:16] DATABASE: "posts.db" FOUND
[13.05.23|20:51:16] TABLE: "Posts" FOUND
[13.05.23|20:51:16] DATABASE: "comments.db" FOUND
[13.05.23|20:51:16] TABLE: "Comments" FOUND
[13.05.23|20:51:29] USER: "admin" LOGGED IN
[13.05.23|20:52:42] Folder: "/db" FOUND
[13.05.23|20:52:42] DATABASE: "users.db" FOUND
[13.05.23|20:52:42] TABLE: "Users" FOUND
[13.05.23|20:52:42] DATABASE: "posts.db" FOUND
[13.05.23|20:52:42] TABLE: "Posts" FOUND
[13.05.23|20:52:42] DATABASE: "comments.db" FOUND
[13.05.23|20:52:42] TABLE: "Comments" FOUND
[13.05.23|20:53:18] Folder: "/db" FOUND
[13.05.23|20:53:18] DATABASE: "users.db" FOUND
[13.05.23|20:53:18] TABLE: "Users" FOUND
[13.05.23|20:53:18] DATABASE: "posts.db" FOUND
[13.05.23|20:53:18] TABLE: "Posts" FOUND
[13.05.23|20:53:18] DATABASE: "comments.db" FOUND
[13.05.23|20:53:18] TABLE: "Comments" FOUND
[13.05.23|20:53:22] Folder: "/db" FOUND
[13.05.23|20:53:22] DATABASE: "users.db" FOUND
[13.05.23|20:53:22] TABLE: "Users" FOUND
[13.05.23|20:53:22] DATABASE: "posts.db" FOUND
[13.05.23|20:53:22] TABLE: "Posts" FOUND
[13.05.23|20:53:22] DATABASE: "comments.db" FOUND
[13.05.23|20:53:22] TABLE: "Comments" FOUND
[13.05.23|20:53:32] USER: "admin" LOGGED IN
[13.05.23|20:54:59] Folder: "/db" FOUND
[13.05.23|20:54:59] DATABASE: "users.db" FOUND
[13.05.23|20:54:59] TABLE: "Users" FOUND
[13.05.23|20:54:59] DATABASE: "posts.db" FOUND
[13.05.23|20:54:59] TABLE: "Posts" FOUND
[13.05.23|20:54:59] DATABASE: "comments.db" FOUND
[13.05.23|20:54:59] TABLE: "Comments" FOUND
[13.05.23|20:55:07] USER: "admin" LOGGED IN
[13.05.23|20:55:15] USER: "5" ALREADY LOGGED IN
[13.05.23|20:55:16] POST: "1" FOUND
[13.05.23|20:58:32] POST: "1" FOUND
[13.05.23|20:58:33] POST: "1" FOUND
[13.05.23|20:58:34] POST: "1" FOUND
[13.05.23|20:58:34] POST: "1" FOUND
[13.05.23|20:58:41] Folder: "/db" FOUND
[13.05.23|20:58:41] DATABASE: "users.db" FOUND
[13.05.23|20:58:41] TABLE: "Users" FOUND
[13.05.23|20:58:41] DATABASE: "posts.db" FOUND
[13.05.23|20:58:41] TABLE: "Posts" FOUND
[13.05.23|20:58:41] DATABASE: "comments.db" FOUND
[13.05.23|20:58:41] TABLE: "Comments" FOUND
[13.05.23|20:58:43] POST: "1" FOUND
[13.05.23|20:58:44] POST: "1" FOUND
[13.05.23|20:58:44] POST: "1" FOUND
[13.05.23|20:58:52] USER: "admin" LOGGED IN
[13.05.23|20:58:57] 404
[13.05.23|20:59:31] Folder: "/db" FOUND
[13.05.23|20:59:31] DATABASE: "users.db" FOUND
[13.05.23|20:59:31] TABLE: "Users" FOUND
[13.05.23|20:59:31] DATABASE: "posts.db" FOUND
[13.05.23|20:59:31] TABLE: "Posts" FOUND
[13.05.23|20:59:31] DATABASE: "comments.db" FOUND
[13.05.23|20:59:31] TABLE: "Comments" FOUND
[13.05.23|20:59:34] DASHBOARD CANNOT BE ACCESSED WITHOUT USER LOGIN
[13.05.23|20:59:42] USER: "admin" LOGGED IN
[13.05.23|20:59:42] DASHBOARD CANNOT BE ACCESSED WITHOUT USER LOGIN
[13.05.23|20:59:42] USER: "5" ALREADY LOGGED IN
[13.05.23|20:59:42] DASHBOARD CANNOT BE ACCESSED WITHOUT USER LOGIN
[13.05.23|20:59:42] USER: "5" ALREADY LOGGED IN
[13.05.23|20:59:42] DASHBOARD CANNOT BE ACCESSED WITHOUT USER LOGIN
[13.05.23|20:59:42] USER: "5" ALREADY LOGGED IN
[13.05.23|20:59:42] DASHBOARD CANNOT BE ACCESSED WITHOUT USER LOGIN
[13.05.23|20:59:42] USER: "5" ALREADY LOGGED IN
[13.05.23|20:59:42] DASHBOARD CANNOT BE ACCESSED WITHOUT USER LOGIN
[13.05.23|20:59:42] USER: "5" ALREADY LOGGED IN
[13.05.23|20:59:42] DASHBOARD CANNOT BE ACCESSED WITHOUT USER LOGIN
[13.05.23|20:59:42] USER: "5" ALREADY LOGGED IN
[13.05.23|20:59:42] DASHBOARD CANNOT BE ACCESSED WITHOUT USER LOGIN
[13.05.23|20:59:42] USER: "5" ALREADY LOGGED IN
[13.05.23|20:59:42] DASHBOARD CANNOT BE ACCESSED WITHOUT USER LOGIN
[13.05.23|20:59:42] USER: "5" ALREADY LOGGED IN
[13.05.23|20:59:42] DASHBOARD CANNOT BE ACCESSED WITHOUT USER LOGIN
[13.05.23|20:59:42] USER: "5" ALREADY LOGGED IN
[13.05.23|20:59:42] DASHBOARD CANNOT BE ACCESSED WITHOUT USER LOGIN
[13.05.23|20:59:43] DASHBOARD CANNOT BE ACCESSED WITHOUT USER LOGIN
[13.05.23|20:59:43] USER: "5" ALREADY LOGGED IN
[13.05.23|20:59:43] DASHBOARD CANNOT BE ACCESSED WITHOUT USER LOGIN
[13.05.23|20:59:43] USER: "5" ALREADY LOGGED IN
[13.05.23|20:59:43] DASHBOARD CANNOT BE ACCESSED WITHOUT USER LOGIN
[13.05.23|20:59:43] USER: "5" ALREADY LOGGED IN
[13.05.23|20:59:43] DASHBOARD CANNOT BE ACCESSED WITHOUT USER LOGIN
[13.05.23|20:59:43] USER: "5" ALREADY LOGGED IN
[13.05.23|20:59:43] DASHBOARD CANNOT BE ACCESSED WITHOUT USER LOGIN
[13.05.23|20:59:43] USER: "5" ALREADY LOGGED IN
[13.05.23|20:59:43] DASHBOARD CANNOT BE ACCESSED WITHOUT USER LOGIN
[13.05.23|20:59:43] USER: "5" ALREADY LOGGED IN
[13.05.23|20:59:43] DASHBOARD CANNOT BE ACCESSED WITHOUT USER LOGIN
[13.05.23|20:59:43] USER: "5" ALREADY LOGGED IN
[13.05.23|20:59:43] DASHBOARD CANNOT BE ACCESSED WITHOUT USER LOGIN
[13.05.23|20:59:43] USER: "5" ALREADY LOGGED IN
[13.05.23|20:59:43] DASHBOARD CANNOT BE ACCESSED WITHOUT USER LOGIN
[13.05.23|20:59:43] USER: "5" ALREADY LOGGED IN
[13.05.23|20:59:43] DASHBOARD CANNOT BE ACCESSED WITHOUT USER LOGIN
[13.05.23|20:59:43] USER: "5" ALREADY LOGGED IN
[13.05.23|20:59:45] USER: "5" ALREADY LOGGED IN
[13.05.23|20:59:45] DASHBOARD CANNOT BE ACCESSED WITHOUT USER LOGIN
[13.05.23|20:59:45] USER: "5" ALREADY LOGGED IN
[13.05.23|20:59:45] DASHBOARD CANNOT BE ACCESSED WITHOUT USER LOGIN
[13.05.23|20:59:45] USER: "5" ALREADY LOGGED IN
[13.05.23|20:59:45] DASHBOARD CANNOT BE ACCESSED WITHOUT USER LOGIN
[13.05.23|20:59:45] USER: "5" ALREADY LOGGED IN
[13.05.23|20:59:45] DASHBOARD CANNOT BE ACCESSED WITHOUT USER LOGIN
[13.05.23|20:59:45] USER: "5" ALREADY LOGGED IN
[13.05.23|20:59:45] DASHBOARD CANNOT BE ACCESSED WITHOUT USER LOGIN
[13.05.23|20:59:45] USER: "5" ALREADY LOGGED IN
[13.05.23|20:59:45] DASHBOARD CANNOT BE ACCESSED WITHOUT USER LOGIN
[13.05.23|20:59:45] USER: "5" ALREADY LOGGED IN
[13.05.23|20:59:45] DASHBOARD CANNOT BE ACCESSED WITHOUT USER LOGIN
[13.05.23|20:59:45] USER: "5" ALREADY LOGGED IN
[13.05.23|20:59:45] DASHBOARD CANNOT BE ACCESSED WITHOUT USER LOGIN
[13.05.23|20:59:45] USER: "5" ALREADY LOGGED IN
[13.05.23|20:59:45] DASHBOARD CANNOT BE ACCESSED WITHOUT USER LOGIN
[13.05.23|20:59:45] USER: "5" ALREADY LOGGED IN
[13.05.23|20:59:45] DASHBOARD CANNOT BE ACCESSED WITHOUT USER LOGIN
[13.05.23|20:59:46] DASHBOARD CANNOT BE ACCESSED WITHOUT USER LOGIN
[13.05.23|20:59:46] USER: "5" ALREADY LOGGED IN
[13.05.23|20:59:46] DASHBOARD CANNOT BE ACCESSED WITHOUT USER LOGIN
[13.05.23|20:59:46] USER: "5" ALREADY LOGGED IN
[13.05.23|20:59:46] DASHBOARD CANNOT BE ACCESSED WITHOUT USER LOGIN
[13.05.23|20:59:46] USER: "5" ALREADY LOGGED IN
[13.05.23|20:59:46] DASHBOARD CANNOT BE ACCESSED WITHOUT USER LOGIN
[13.05.23|20:59:46] USER: "5" ALREADY LOGGED IN
[13.05.23|20:59:46] DASHBOARD CANNOT BE ACCESSED WITHOUT USER LOGIN
[13.05.23|20:59:46] USER: "5" ALREADY LOGGED IN
[13.05.23|20:59:46] DASHBOARD CANNOT BE ACCESSED WITHOUT USER LOGIN
[13.05.23|20:59:46] USER: "5" ALREADY LOGGED IN
[13.05.23|20:59:46] DASHBOARD CANNOT BE ACCESSED WITHOUT USER LOGIN
[13.05.23|20:59:46] USER: "5" ALREADY LOGGED IN
[13.05.23|20:59:46] DASHBOARD CANNOT BE ACCESSED WITHOUT USER LOGIN
[13.05.23|20:59:46] USER: "5" ALREADY LOGGED IN
[13.05.23|20:59:46] DASHBOARD CANNOT BE ACCESSED WITHOUT USER LOGIN
[13.05.23|20:59:46] USER: "5" ALREADY LOGGED IN
[13.05.23|20:59:46] DASHBOARD CANNOT BE ACCESSED WITHOUT USER LOGIN
[13.05.23|20:59:46] USER: "5" ALREADY LOGGED IN
[13.05.23|20:59:46] USER: "5" ALREADY LOGGED IN
[13.05.23|20:59:46] DASHBOARD CANNOT BE ACCESSED WITHOUT USER LOGIN
[13.05.23|20:59:46] USER: "5" ALREADY LOGGED IN
[13.05.23|20:59:46] DASHBOARD CANNOT BE ACCESSED WITHOUT USER LOGIN
[13.05.23|20:59:46] USER: "5" ALREADY LOGGED IN
[13.05.23|20:59:46] DASHBOARD CANNOT BE ACCESSED WITHOUT USER LOGIN
[13.05.23|20:59:46] USER: "5" ALREADY LOGGED IN
[13.05.23|20:59:46] DASHBOARD CANNOT BE ACCESSED WITHOUT USER LOGIN
[13.05.23|20:59:46] USER: "5" ALREADY LOGGED IN
[13.05.23|20:59:46] DASHBOARD CANNOT BE ACCESSED WITHOUT USER LOGIN
[13.05.23|20:59:46] USER: "5" ALREADY LOGGED IN
[13.05.23|20:59:46] DASHBOARD CANNOT BE ACCESSED WITHOUT USER LOGIN
[13.05.23|20:59:46] USER: "5" ALREADY LOGGED IN
[13.05.23|20:59:46] DASHBOARD CANNOT BE ACCESSED WITHOUT USER LOGIN
[13.05.23|20:59:46] USER: "5" ALREADY LOGGED IN
[13.05.23|20:59:46] DASHBOARD CANNOT BE ACCESSED WITHOUT USER LOGIN
[13.05.23|20:59:46] USER: "5" ALREADY LOGGED IN
[13.05.23|20:59:46] DASHBOARD CANNOT BE ACCESSED WITHOUT USER LOGIN
[13.05.23|20:59:46] USER: "5" ALREADY LOGGED IN
[13.05.23|20:59:46] DASHBOARD CANNOT BE ACCESSED WITHOUT USER LOGIN
[13.05.23|20:59:47] USER: "5" ALREADY LOGGED IN
[13.05.23|20:59:47] DASHBOARD CANNOT BE ACCESSED WITHOUT USER LOGIN
[13.05.23|20:59:47] USER: "5" ALREADY LOGGED IN
[13.05.23|20:59:47] DASHBOARD CANNOT BE ACCESSED WITHOUT USER LOGIN
[13.05.23|20:59:47] USER: "5" ALREADY LOGGED IN
[13.05.23|20:59:47] DASHBOARD CANNOT BE ACCESSED WITHOUT USER LOGIN
[13.05.23|20:59:47] USER: "5" ALREADY LOGGED IN
[13.05.23|20:59:47] DASHBOARD CANNOT BE ACCESSED WITHOUT USER LOGIN
[13.05.23|20:59:47] USER: "5" ALREADY LOGGED IN
[13.05.23|20:59:47] DASHBOARD CANNOT BE ACCESSED WITHOUT USER LOGIN
[13.05.23|20:59:47] USER: "5" ALREADY LOGGED IN
[13.05.23|20:59:47] DASHBOARD CANNOT BE ACCESSED WITHOUT USER LOGIN
[13.05.23|20:59:47] USER: "5" ALREADY LOGGED IN
[13.05.23|20:59:47] DASHBOARD CANNOT BE ACCESSED WITHOUT USER LOGIN
[13.05.23|20:59:47] USER: "5" ALREADY LOGGED IN
[13.05.23|20:59:47] DASHBOARD CANNOT BE ACCESSED WITHOUT USER LOGIN
[13.05.23|20:59:47] USER: "5" ALREADY LOGGED IN
[13.05.23|20:59:47] DASHBOARD CANNOT BE ACCESSED WITHOUT USER LOGIN
[13.05.23|20:59:47] USER: "5" ALREADY LOGGED IN
[13.05.23|20:59:47] DASHBOARD CANNOT BE ACCESSED WITHOUT USER LOGIN
[13.05.23|20:59:48] USER: "5" ALREADY LOGGED IN
[13.05.23|20:59:48] DASHBOARD CANNOT BE ACCESSED WITHOUT USER LOGIN
[13.05.23|20:59:48] USER: "5" ALREADY LOGGED IN
[13.05.23|20:59:48] DASHBOARD CANNOT BE ACCESSED WITHOUT USER LOGIN
[13.05.23|20:59:48] USER: "5" ALREADY LOGGED IN
[13.05.23|20:59:48] DASHBOARD CANNOT BE ACCESSED WITHOUT USER LOGIN
[13.05.23|20:59:48] USER: "5" ALREADY LOGGED IN
[13.05.23|20:59:48] DASHBOARD CANNOT BE ACCESSED WITHOUT USER LOGIN
[13.05.23|20:59:48] USER: "5" ALREADY LOGGED IN
[13.05.23|20:59:48] DASHBOARD CANNOT BE ACCESSED WITHOUT USER LOGIN
[13.05.23|20:59:48] USER: "5" ALREADY LOGGED IN
[13.05.23|20:59:48] DASHBOARD CANNOT BE ACCESSED WITHOUT USER LOGIN
[13.05.23|20:59:48] USER: "5" ALREADY LOGGED IN
[13.05.23|20:59:48] DASHBOARD CANNOT BE ACCESSED WITHOUT USER LOGIN
[13.05.23|20:59:48] USER: "5" ALREADY LOGGED IN
[13.05.23|20:59:48] DASHBOARD CANNOT BE ACCESSED WITHOUT USER LOGIN
[13.05.23|20:59:48] USER: "5" ALREADY LOGGED IN
[13.05.23|20:59:48] DASHBOARD CANNOT BE ACCESSED WITHOUT USER LOGIN
[13.05.23|20:59:48] USER: "5" ALREADY LOGGED IN
[13.05.23|20:59:48] DASHBOARD CANNOT BE ACCESSED WITHOUT USER LOGIN
[13.05.23|20:59:48] USER: "5" ALREADY LOGGED IN
[13.05.23|20:59:48] DASHBOARD CANNOT BE ACCESSED WITHOUT USER LOGIN
[13.05.23|20:59:48] USER: "5" ALREADY LOGGED IN
[13.05.23|20:59:48] DASHBOARD CANNOT BE ACCESSED WITHOUT USER LOGIN
[13.05.23|20:59:48] USER: "5" ALREADY LOGGED IN
[13.05.23|20:59:48] DASHBOARD CANNOT BE ACCESSED WITHOUT USER LOGIN
[13.05.23|20:59:48] USER: "5" ALREADY LOGGED IN
[13.05.23|20:59:48] DASHBOARD CANNOT BE ACCESSED WITHOUT USER LOGIN
[13.05.23|20:59:48] USER: "5" ALREADY LOGGED IN
[13.05.23|20:59:48] DASHBOARD CANNOT BE ACCESSED WITHOUT USER LOGIN
[13.05.23|20:59:48] USER: "5" ALREADY LOGGED IN
[13.05.23|20:59:48] DASHBOARD CANNOT BE ACCESSED WITHOUT USER LOGIN
[13.05.23|20:59:48] USER: "5" ALREADY LOGGED IN
[13.05.23|20:59:48] DASHBOARD CANNOT BE ACCESSED WITHOUT USER LOGIN
[13.05.23|20:59:48] USER: "5" ALREADY LOGGED IN
[13.05.23|20:59:48] DASHBOARD CANNOT BE ACCESSED WITHOUT USER LOGIN
[13.05.23|20:59:48] USER: "5" ALREADY LOGGED IN
[13.05.23|20:59:48] DASHBOARD CANNOT BE ACCESSED WITHOUT USER LOGIN
[13.05.23|20:59:48] USER: "5" ALREADY LOGGED IN
[13.05.23|20:59:48] DASHBOARD CANNOT BE ACCESSED WITHOUT USER LOGIN
[13.05.23|20:59:49] USER: "5" ALREADY LOGGED IN
[13.05.23|20:59:49] DASHBOARD CANNOT BE ACCESSED WITHOUT USER LOGIN
[13.05.23|20:59:49] USER: "5" ALREADY LOGGED IN
[13.05.23|20:59:49] DASHBOARD CANNOT BE ACCESSED WITHOUT USER LOGIN
[13.05.23|20:59:49] USER: "5" ALREADY LOGGED IN
[13.05.23|20:59:49] DASHBOARD CANNOT BE ACCESSED WITHOUT USER LOGIN
[13.05.23|20:59:49] USER: "5" ALREADY LOGGED IN
[13.05.23|20:59:49] DASHBOARD CANNOT BE ACCESSED WITHOUT USER LOGIN
[13.05.23|20:59:49] USER: "5" ALREADY LOGGED IN
[13.05.23|20:59:49] DASHBOARD CANNOT BE ACCESSED WITHOUT USER LOGIN
[13.05.23|20:59:49] USER: "5" ALREADY LOGGED IN
[13.05.23|20:59:49] DASHBOARD CANNOT BE ACCESSED WITHOUT USER LOGIN
[13.05.23|20:59:49] USER: "5" ALREADY LOGGED IN
[13.05.23|20:59:49] DASHBOARD CANNOT BE ACCESSED WITHOUT USER LOGIN
[13.05.23|20:59:49] USER: "5" ALREADY LOGGED IN
[13.05.23|20:59:49] DASHBOARD CANNOT BE ACCESSED WITHOUT USER LOGIN
[13.05.23|20:59:49] USER: "5" ALREADY LOGGED IN
[13.05.23|20:59:49] DASHBOARD CANNOT BE ACCESSED WITHOUT USER LOGIN
[13.05.23|20:59:49] USER: "5" ALREADY LOGGED IN
[13.05.23|20:59:49] DASHBOARD CANNOT BE ACCESSED WITHOUT USER LOGIN
[13.05.23|20:59:49] USER: "5" ALREADY LOGGED IN
[13.05.23|20:59:49] DASHBOARD CANNOT BE ACCESSED WITHOUT USER LOGIN
[13.05.23|20:59:49] USER: "5" ALREADY LOGGED IN
[13.05.23|20:59:49] DASHBOARD CANNOT BE ACCESSED WITHOUT USER LOGIN
[13.05.23|20:59:49] USER: "5" ALREADY LOGGED IN
[13.05.23|20:59:49] DASHBOARD CANNOT BE ACCESSED WITHOUT USER LOGIN
[13.05.23|20:59:49] USER: "5" ALREADY LOGGED IN
[13.05.23|20:59:49] DASHBOARD CANNOT BE ACCESSED WITHOUT USER LOGIN
[13.05.23|20:59:49] USER: "5" ALREADY LOGGED IN
[13.05.23|20:59:49] DASHBOARD CANNOT BE ACCESSED WITHOUT USER LOGIN
[13.05.23|20:59:49] USER: "5" ALREADY LOGGED IN
[13.05.23|20:59:49] DASHBOARD CANNOT BE ACCESSED WITHOUT USER LOGIN
[13.05.23|20:59:49] USER: "5" ALREADY LOGGED IN
[13.05.23|20:59:49] DASHBOARD CANNOT BE ACCESSED WITHOUT USER LOGIN
[13.05.23|20:59:49] USER: "5" ALREADY LOGGED IN
[13.05.23|20:59:49] DASHBOARD CANNOT BE ACCESSED WITHOUT USER LOGIN
[13.05.23|20:59:49] USER: "5" ALREADY LOGGED IN
[13.05.23|20:59:49] DASHBOARD CANNOT BE ACCESSED WITHOUT USER LOGIN
[13.05.23|20:59:49] USER: "5" ALREADY LOGGED IN
[13.05.23|20:59:49] DASHBOARD CANNOT BE ACCESSED WITHOUT USER LOGIN
[13.05.23|20:59:49] USER: "5" ALREADY LOGGED IN
[13.05.23|20:59:49] DASHBOARD CANNOT BE ACCESSED WITHOUT USER LOGIN
[13.05.23|20:59:49] USER: "5" ALREADY LOGGED IN
[13.05.23|20:59:49] DASHBOARD CANNOT BE ACCESSED WITHOUT USER LOGIN
[13.05.23|20:59:49] USER: "5" ALREADY LOGGED IN
[13.05.23|20:59:49] DASHBOARD CANNOT BE ACCESSED WITHOUT USER LOGIN
[13.05.23|20:59:49] USER: "5" ALREADY LOGGED IN
[13.05.23|20:59:49] DASHBOARD CANNOT BE ACCESSED WITHOUT USER LOGIN
[13.05.23|20:59:49] USER: "5" ALREADY LOGGED IN
[13.05.23|20:59:49] DASHBOARD CANNOT BE ACCESSED WITHOUT USER LOGIN
[13.05.23|20:59:49] USER: "5" ALREADY LOGGED IN
[13.05.23|20:59:49] DASHBOARD CANNOT BE ACCESSED WITHOUT USER LOGIN
[13.05.23|20:59:49] USER: "5" ALREADY LOGGED IN
[13.05.23|20:59:49] DASHBOARD CANNOT BE ACCESSED WITHOUT USER LOGIN
[13.05.23|20:59:49] USER: "5" ALREADY LOGGED IN
[13.05.23|20:59:49] DASHBOARD CANNOT BE ACCESSED WITHOUT USER LOGIN
[13.05.23|20:59:49] USER: "5" ALREADY LOGGED IN
[13.05.23|20:59:49] DASHBOARD CANNOT BE ACCESSED WITHOUT USER LOGIN
[13.05.23|20:59:49] USER: "5" ALREADY LOGGED IN
[13.05.23|20:59:49] DASHBOARD CANNOT BE ACCESSED WITHOUT USER LOGIN
[13.05.23|20:59:50] DASHBOARD CANNOT BE ACCESSED WITHOUT USER LOGIN
[13.05.23|20:59:50] USER: "5" ALREADY LOGGED IN
[13.05.23|20:59:50] DASHBOARD CANNOT BE ACCESSED WITHOUT USER LOGIN
[13.05.23|20:59:50] USER: "5" ALREADY LOGGED IN
[13.05.23|20:59:50] DASHBOARD CANNOT BE ACCESSED WITHOUT USER LOGIN
[13.05.23|20:59:50] USER: "5" ALREADY LOGGED IN
[13.05.23|20:59:50] DASHBOARD CANNOT BE ACCESSED WITHOUT USER LOGIN
[13.05.23|20:59:50] USER: "5" ALREADY LOGGED IN
[13.05.23|20:59:50] DASHBOARD CANNOT BE ACCESSED WITHOUT USER LOGIN
[13.05.23|20:59:50] USER: "5" ALREADY LOGGED IN
[13.05.23|20:59:50] DASHBOARD CANNOT BE ACCESSED WITHOUT USER LOGIN
[13.05.23|20:59:50] USER: "5" ALREADY LOGGED IN
[13.05.23|20:59:50] DASHBOARD CANNOT BE ACCESSED WITHOUT USER LOGIN
[13.05.23|20:59:50] USER: "5" ALREADY LOGGED IN
[13.05.23|20:59:50] DASHBOARD CANNOT BE ACCESSED WITHOUT USER LOGIN
[13.05.23|20:59:50] USER: "5" ALREADY LOGGED IN
[13.05.23|20:59:50] DASHBOARD CANNOT BE ACCESSED WITHOUT USER LOGIN
[13.05.23|20:59:50] USER: "5" ALREADY LOGGED IN
[13.05.23|20:59:50] DASHBOARD CANNOT BE ACCESSED WITHOUT USER LOGIN
[13.05.23|20:59:50] USER: "5" ALREADY LOGGED IN
[13.05.23|20:59:55] USER: "5" ALREADY LOGGED IN
[13.05.23|20:59:55] DASHBOARD CANNOT BE ACCESSED WITHOUT USER LOGIN
[13.05.23|20:59:55] USER: "5" ALREADY LOGGED IN
[13.05.23|20:59:55] DASHBOARD CANNOT BE ACCESSED WITHOUT USER LOGIN
[13.05.23|20:59:55] USER: "5" ALREADY LOGGED IN
[13.05.23|20:59:55] DASHBOARD CANNOT BE ACCESSED WITHOUT USER LOGIN
[13.05.23|20:59:55] USER: "5" ALREADY LOGGED IN
[13.05.23|20:59:55] DASHBOARD CANNOT BE ACCESSED WITHOUT USER LOGIN
[13.05.23|20:59:55] USER: "5" ALREADY LOGGED IN
[13.05.23|20:59:55] DASHBOARD CANNOT BE ACCESSED WITHOUT USER LOGIN
[13.05.23|20:59:55] USER: "5" ALREADY LOGGED IN
[13.05.23|20:59:55] DASHBOARD CANNOT BE ACCESSED WITHOUT USER LOGIN
[13.05.23|20:59:55] USER: "5" ALREADY LOGGED IN
[13.05.23|20:59:55] DASHBOARD CANNOT BE ACCESSED WITHOUT USER LOGIN
[13.05.23|20:59:55] USER: "5" ALREADY LOGGED IN
[13.05.23|20:59:55] DASHBOARD CANNOT BE ACCESSED WITHOUT USER LOGIN
[13.05.23|20:59:55] USER: "5" ALREADY LOGGED IN
[13.05.23|20:59:55] DASHBOARD CANNOT BE ACCESSED WITHOUT USER LOGIN
[13.05.23|20:59:55] USER: "5" ALREADY LOGGED IN
[13.05.23|20:59:55] DASHBOARD CANNOT BE ACCESSED WITHOUT USER LOGIN
[13.05.23|21:00:01] DASHBOARD CANNOT BE ACCESSED WITHOUT USER LOGIN
[13.05.23|21:00:01] USER: "5" ALREADY LOGGED IN
[13.05.23|21:00:01] DASHBOARD CANNOT BE ACCESSED WITHOUT USER LOGIN
[13.05.23|21:00:01] USER: "5" ALREADY LOGGED IN
[13.05.23|21:00:01] DASHBOARD CANNOT BE ACCESSED WITHOUT USER LOGIN
[13.05.23|21:00:01] USER: "5" ALREADY LOGGED IN
[13.05.23|21:00:01] DASHBOARD CANNOT BE ACCESSED WITHOUT USER LOGIN
[13.05.23|21:00:01] USER: "5" ALREADY LOGGED IN
[13.05.23|21:00:01] DASHBOARD CANNOT BE ACCESSED WITHOUT USER LOGIN
[13.05.23|21:00:01] USER: "5" ALREADY LOGGED IN
[13.05.23|21:00:01] DASHBOARD CANNOT BE ACCESSED WITHOUT USER LOGIN
[13.05.23|21:00:01] USER: "5" ALREADY LOGGED IN
[13.05.23|21:00:01] DASHBOARD CANNOT BE ACCESSED WITHOUT USER LOGIN
[13.05.23|21:00:01] USER: "5" ALREADY LOGGED IN
[13.05.23|21:00:01] DASHBOARD CANNOT BE ACCESSED WITHOUT USER LOGIN
[13.05.23|21:00:01] USER: "5" ALREADY LOGGED IN
[13.05.23|21:00:01] DASHBOARD CANNOT BE ACCESSED WITHOUT USER LOGIN
[13.05.23|21:00:01] USER: "5" ALREADY LOGGED IN
[13.05.23|21:00:01] DASHBOARD CANNOT BE ACCESSED WITHOUT USER LOGIN
[13.05.23|21:00:01] USER: "5" ALREADY LOGGED IN
[13.05.23|21:00:02] USER: "5" ALREADY LOGGED IN
[13.05.23|21:00:02] DASHBOARD CANNOT BE ACCESSED WITHOUT USER LOGIN
[13.05.23|21:00:02] USER: "5" ALREADY LOGGED IN
[13.05.23|21:00:02] DASHBOARD CANNOT BE ACCESSED WITHOUT USER LOGIN
[13.05.23|21:00:02] USER: "5" ALREADY LOGGED IN
[13.05.23|21:00:02] DASHBOARD CANNOT BE ACCESSED WITHOUT USER LOGIN
[13.05.23|21:00:02] USER: "5" ALREADY LOGGED IN
[13.05.23|21:00:02] DASHBOARD CANNOT BE ACCESSED WITHOUT USER LOGIN
[13.05.23|21:00:02] USER: "5" ALREADY LOGGED IN
[13.05.23|21:00:02] DASHBOARD CANNOT BE ACCESSED WITHOUT USER LOGIN
[13.05.23|21:00:02] USER: "5" ALREADY LOGGED IN
[13.05.23|21:00:02] DASHBOARD CANNOT BE ACCESSED WITHOUT USER LOGIN
[13.05.23|21:00:02] USER: "5" ALREADY LOGGED IN
[13.05.23|21:00:02] DASHBOARD CANNOT BE ACCESSED WITHOUT USER LOGIN
[13.05.23|21:00:02] USER: "5" ALREADY LOGGED IN
[13.05.23|21:00:02] DASHBOARD CANNOT BE ACCESSED WITHOUT USER LOGIN
[13.05.23|21:00:02] USER: "5" ALREADY LOGGED IN
[13.05.23|21:00:02] DASHBOARD CANNOT BE ACCESSED WITHOUT USER LOGIN
[13.05.23|21:00:02] USER: "5" ALREADY LOGGED IN
[13.05.23|21:00:02] DASHBOARD CANNOT BE ACCESSED WITHOUT USER LOGIN
[13.05.23|21:00:05] DASHBOARD CANNOT BE ACCESSED WITHOUT USER LOGIN
[13.05.23|21:00:05] USER: "5" ALREADY LOGGED IN
[13.05.23|21:00:05] DASHBOARD CANNOT BE ACCESSED WITHOUT USER LOGIN
[13.05.23|21:00:05] USER: "5" ALREADY LOGGED IN
[13.05.23|21:00:05] DASHBOARD CANNOT BE ACCESSED WITHOUT USER LOGIN
[13.05.23|21:00:05] USER: "5" ALREADY LOGGED IN
[13.05.23|21:00:05] DASHBOARD CANNOT BE ACCESSED WITHOUT USER LOGIN
[13.05.23|21:00:05] USER: "5" ALREADY LOGGED IN
[13.05.23|21:00:05] DASHBOARD CANNOT BE ACCESSED WITHOUT USER LOGIN
[13.05.23|21:00:05] USER: "5" ALREADY LOGGED IN
[13.05.23|21:00:05] DASHBOARD CANNOT BE ACCESSED WITHOUT USER LOGIN
[13.05.23|21:00:05] USER: "5" ALREADY LOGGED IN
[13.05.23|21:00:05] DASHBOARD CANNOT BE ACCESSED WITHOUT USER LOGIN
[13.05.23|21:00:05] USER: "5" ALREADY LOGGED IN
[13.05.23|21:00:05] DASHBOARD CANNOT BE ACCESSED WITHOUT USER LOGIN
[13.05.23|21:00:05] USER: "5" ALREADY LOGGED IN
[13.05.23|21:00:05] DASHBOARD CANNOT BE ACCESSED WITHOUT USER LOGIN
[13.05.23|21:00:05] USER: "5" ALREADY LOGGED IN
[13.05.23|21:00:05] DASHBOARD CANNOT BE ACCESSED WITHOUT USER LOGIN
[13.05.23|21:00:05] USER: "5" ALREADY LOGGED IN
[13.05.23|21:00:06] USER: "5" ALREADY LOGGED IN
[13.05.23|21:00:06] DASHBOARD CANNOT BE ACCESSED WITHOUT USER LOGIN
[13.05.23|21:00:06] USER: "5" ALREADY LOGGED IN
[13.05.23|21:00:06] DASHBOARD CANNOT BE ACCESSED WITHOUT USER LOGIN
[13.05.23|21:00:06] USER: "5" ALREADY LOGGED IN
[13.05.23|21:00:06] DASHBOARD CANNOT BE ACCESSED WITHOUT USER LOGIN
[13.05.23|21:00:06] USER: "5" ALREADY LOGGED IN
[13.05.23|21:00:06] DASHBOARD CANNOT BE ACCESSED WITHOUT USER LOGIN
[13.05.23|21:00:06] USER: "5" ALREADY LOGGED IN
[13.05.23|21:00:06] DASHBOARD CANNOT BE ACCESSED WITHOUT USER LOGIN
[13.05.23|21:00:06] USER: "5" ALREADY LOGGED IN
[13.05.23|21:00:06] DASHBOARD CANNOT BE ACCESSED WITHOUT USER LOGIN
[13.05.23|21:00:06] USER: "5" ALREADY LOGGED IN
[13.05.23|21:00:06] DASHBOARD CANNOT BE ACCESSED WITHOUT USER LOGIN
[13.05.23|21:00:06] USER: "5" ALREADY LOGGED IN
[13.05.23|21:00:06] DASHBOARD CANNOT BE ACCESSED WITHOUT USER LOGIN
[13.05.23|21:00:06] USER: "5" ALREADY LOGGED IN
[13.05.23|21:00:06] DASHBOARD CANNOT BE ACCESSED WITHOUT USER LOGIN
[13.05.23|21:00:06] USER: "5" ALREADY LOGGED IN
[13.05.23|21:00:06] DASHBOARD CANNOT BE ACCESSED WITHOUT USER LOGIN
[13.05.23|21:00:06] DASHBOARD CANNOT BE ACCESSED WITHOUT USER LOGIN
[13.05.23|21:00:06] USER: "5" ALREADY LOGGED IN
[13.05.23|21:00:06] DASHBOARD CANNOT BE ACCESSED WITHOUT USER LOGIN
[13.05.23|21:00:06] USER: "5" ALREADY LOGGED IN
[13.05.23|21:00:06] DASHBOARD CANNOT BE ACCESSED WITHOUT USER LOGIN
[13.05.23|21:00:06] USER: "5" ALREADY LOGGED IN
[13.05.23|21:00:06] DASHBOARD CANNOT BE ACCESSED WITHOUT USER LOGIN
[13.05.23|21:00:06] USER: "5" ALREADY LOGGED IN
[13.05.23|21:00:06] DASHBOARD CANNOT BE ACCESSED WITHOUT USER LOGIN
[13.05.23|21:00:06] USER: "5" ALREADY LOGGED IN
[13.05.23|21:00:06] DASHBOARD CANNOT BE ACCESSED WITHOUT USER LOGIN
[13.05.23|21:00:06] USER: "5" ALREADY LOGGED IN
[13.05.23|21:00:07] DASHBOARD CANNOT BE ACCESSED WITHOUT USER LOGIN
[13.05.23|21:00:07] USER: "5" ALREADY LOGGED IN
[13.05.23|21:00:07] DASHBOARD CANNOT BE ACCESSED WITHOUT USER LOGIN
[13.05.23|21:00:07] USER: "5" ALREADY LOGGED IN
[13.05.23|21:00:07] DASHBOARD CANNOT BE ACCESSED WITHOUT USER LOGIN
[13.05.23|21:00:07] USER: "5" ALREADY LOGGED IN
[13.05.23|21:00:07] DASHBOARD CANNOT BE ACCESSED WITHOUT USER LOGIN
[13.05.23|21:00:07] USER: "5" ALREADY LOGGED IN
[13.05.23|21:00:07] DASHBOARD CANNOT BE ACCESSED WITHOUT USER LOGIN
[13.05.23|21:00:07] USER: "5" ALREADY LOGGED IN
[13.05.23|21:00:07] DASHBOARD CANNOT BE ACCESSED WITHOUT USER LOGIN
[13.05.23|21:00:07] USER: "5" ALREADY LOGGED IN
[13.05.23|21:00:07] DASHBOARD CANNOT BE ACCESSED WITHOUT USER LOGIN
[13.05.23|21:00:07] USER: "5" ALREADY LOGGED IN
[13.05.23|21:00:07] DASHBOARD CANNOT BE ACCESSED WITHOUT USER LOGIN
[13.05.23|21:00:07] USER: "5" ALREADY LOGGED IN
[13.05.23|21:00:07] DASHBOARD CANNOT BE ACCESSED WITHOUT USER LOGIN
[13.05.23|21:00:07] USER: "5" ALREADY LOGGED IN
[13.05.23|21:00:07] DASHBOARD CANNOT BE ACCESSED WITHOUT USER LOGIN
[13.05.23|21:00:07] USER: "5" ALREADY LOGGED IN
[13.05.23|21:00:07] DASHBOARD CANNOT BE ACCESSED WITHOUT USER LOGIN
[13.05.23|21:00:07] USER: "5" ALREADY LOGGED IN
[13.05.23|21:00:07] DASHBOARD CANNOT BE ACCESSED WITHOUT USER LOGIN
[13.05.23|21:00:07] USER: "5" ALREADY LOGGED IN
[13.05.23|21:00:07] DASHBOARD CANNOT BE ACCESSED WITHOUT USER LOGIN
[13.05.23|21:00:07] USER: "5" ALREADY LOGGED IN
[13.05.23|21:00:07] DASHBOARD CANNOT BE ACCESSED WITHOUT USER LOGIN
[13.05.23|21:00:07] USER: "5" ALREADY LOGGED IN
[13.05.23|21:00:07] DASHBOARD CANNOT BE ACCESSED WITHOUT USER LOGIN
[13.05.23|21:00:07] USER: "5" ALREADY LOGGED IN
[13.05.23|21:00:07] DASHBOARD CANNOT BE ACCESSED WITHOUT USER LOGIN
[13.05.23|21:00:07] USER: "5" ALREADY LOGGED IN
[13.05.23|21:00:07] DASHBOARD CANNOT BE ACCESSED WITHOUT USER LOGIN
[13.05.23|21:00:07] USER: "5" ALREADY LOGGED IN
[13.05.23|21:00:07] DASHBOARD CANNOT BE ACCESSED WITHOUT USER LOGIN
[13.05.23|21:00:07] USER: "5" ALREADY LOGGED IN
[13.05.23|21:00:07] DASHBOARD CANNOT BE ACCESSED WITHOUT USER LOGIN
[13.05.23|21:00:07] USER: "5" ALREADY LOGGED IN
[13.05.23|21:00:07] DASHBOARD CANNOT BE ACCESSED WITHOUT USER LOGIN
[13.05.23|21:00:07] USER: "5" ALREADY LOGGED IN
[13.05.23|21:00:07] DASHBOARD CANNOT BE ACCESSED WITHOUT USER LOGIN
[13.05.23|21:00:07] USER: "5" ALREADY LOGGED IN
[13.05.23|21:00:07] DASHBOARD CANNOT BE ACCESSED WITHOUT USER LOGIN
[13.05.23|21:00:07] USER: "5" ALREADY LOGGED IN
[13.05.23|21:00:07] DASHBOARD CANNOT BE ACCESSED WITHOUT USER LOGIN
[13.05.23|21:00:07] USER: "5" ALREADY LOGGED IN
[13.05.23|21:00:07] DASHBOARD CANNOT BE ACCESSED WITHOUT USER LOGIN
[13.05.23|21:00:07] USER: "5" ALREADY LOGGED IN
[13.05.23|21:00:08] USER: "5" ALREADY LOGGED IN
[13.05.23|21:00:08] DASHBOARD CANNOT BE ACCESSED WITHOUT USER LOGIN
[13.05.23|21:00:08] USER: "5" ALREADY LOGGED IN
[13.05.23|21:00:08] DASHBOARD CANNOT BE ACCESSED WITHOUT USER LOGIN
[13.05.23|21:00:08] USER: "5" ALREADY LOGGED IN
[13.05.23|21:00:08] DASHBOARD CANNOT BE ACCESSED WITHOUT USER LOGIN
[13.05.23|21:00:08] USER: "5" ALREADY LOGGED IN
[13.05.23|21:00:08] DASHBOARD CANNOT BE ACCESSED WITHOUT USER LOGIN
[13.05.23|21:00:08] USER: "5" ALREADY LOGGED IN
[13.05.23|21:00:08] DASHBOARD CANNOT BE ACCESSED WITHOUT USER LOGIN
[13.05.23|21:00:08] USER: "5" ALREADY LOGGED IN
[13.05.23|21:00:08] DASHBOARD CANNOT BE ACCESSED WITHOUT USER LOGIN
[13.05.23|21:00:08] USER: "5" ALREADY LOGGED IN
[13.05.23|21:00:08] DASHBOARD CANNOT BE ACCESSED WITHOUT USER LOGIN
[13.05.23|21:00:08] USER: "5" ALREADY LOGGED IN
[13.05.23|21:00:08] DASHBOARD CANNOT BE ACCESSED WITHOUT USER LOGIN
[13.05.23|21:00:08] USER: "5" ALREADY LOGGED IN
[13.05.23|21:00:08] DASHBOARD CANNOT BE ACCESSED WITHOUT USER LOGIN
[13.05.23|21:00:08] USER: "5" ALREADY LOGGED IN
[13.05.23|21:00:08] DASHBOARD CANNOT BE ACCESSED WITHOUT USER LOGIN
[13.05.23|21:00:14] USER: "5" ALREADY LOGGED IN
[13.05.23|21:05:22] Folder: "/db" FOUND
[13.05.23|21:05:22] DATABASE: "users.db" FOUND
[13.05.23|21:05:22] TABLE: "Users" FOUND
[13.05.23|21:05:22] DATABASE: "posts.db" FOUND
[13.05.23|21:05:22] TABLE: "Posts" FOUND
[13.05.23|21:05:22] DATABASE: "comments.db" FOUND
[13.05.23|21:05:22] TABLE: "Comments" FOUND
[13.05.23|21:05:34] USER: "admin" LOGGED IN
[13.05.23|21:06:47] Folder: "/db" FOUND
[13.05.23|21:06:47] DATABASE: "users.db" FOUND
[13.05.23|21:06:47] TABLE: "Users" FOUND
[13.05.23|21:06:47] DATABASE: "posts.db" FOUND
[13.05.23|21:06:47] TABLE: "Posts" FOUND
[13.05.23|21:06:47] DATABASE: "comments.db" FOUND
[13.05.23|21:06:47] TABLE: "Comments" FOUND
[13.05.23|21:06:51] DASHBOARD CANNOT BE ACCESSED WITHOUT USER LOGIN
[13.05.23|21:07:02] USER: "admin" LOGGED IN
[13.05.23|21:07:02] DASHBOARD CANNOT BE ACCESSED WITHOUT USER LOGIN
[13.05.23|21:07:02] USER: "5" ALREADY LOGGED IN
[13.05.23|21:07:02] DASHBOARD CANNOT BE ACCESSED WITHOUT USER LOGIN
[13.05.23|21:07:02] USER: "5" ALREADY LOGGED IN
[13.05.23|21:07:02] DASHBOARD CANNOT BE ACCESSED WITHOUT USER LOGIN
[13.05.23|21:07:02] USER: "5" ALREADY LOGGED IN
[13.05.23|21:07:02] DASHBOARD CANNOT BE ACCESSED WITHOUT USER LOGIN
[13.05.23|21:07:02] USER: "5" ALREADY LOGGED IN
[13.05.23|21:07:02] DASHBOARD CANNOT BE ACCESSED WITHOUT USER LOGIN
[13.05.23|21:07:02] USER: "5" ALREADY LOGGED IN
[13.05.23|21:07:02] DASHBOARD CANNOT BE ACCESSED WITHOUT USER LOGIN
[13.05.23|21:07:02] USER: "5" ALREADY LOGGED IN
[13.05.23|21:07:02] DASHBOARD CANNOT BE ACCESSED WITHOUT USER LOGIN
[13.05.23|21:07:02] USER: "5" ALREADY LOGGED IN
[13.05.23|21:07:02] DASHBOARD CANNOT BE ACCESSED WITHOUT USER LOGIN
[13.05.23|21:07:02] USER: "5" ALREADY LOGGED IN
[13.05.23|21:07:02] DASHBOARD CANNOT BE ACCESSED WITHOUT USER LOGIN
[13.05.23|21:07:02] USER: "5" ALREADY LOGGED IN
[13.05.23|21:07:02] DASHBOARD CANNOT BE ACCESSED WITHOUT USER LOGIN
[13.05.23|21:07:03] DASHBOARD CANNOT BE ACCESSED WITHOUT USER LOGIN
[13.05.23|21:07:03] USER: "5" ALREADY LOGGED IN
[13.05.23|21:07:03] DASHBOARD CANNOT BE ACCESSED WITHOUT USER LOGIN
[13.05.23|21:07:03] USER: "5" ALREADY LOGGED IN
[13.05.23|21:07:03] DASHBOARD CANNOT BE ACCESSED WITHOUT USER LOGIN
[13.05.23|21:07:03] USER: "5" ALREADY LOGGED IN
[13.05.23|21:07:03] DASHBOARD CANNOT BE ACCESSED WITHOUT USER LOGIN
[13.05.23|21:07:03] USER: "5" ALREADY LOGGED IN
[13.05.23|21:07:03] DASHBOARD CANNOT BE ACCESSED WITHOUT USER LOGIN
[13.05.23|21:07:03] USER: "5" ALREADY LOGGED IN
[13.05.23|21:07:03] DASHBOARD CANNOT BE ACCESSED WITHOUT USER LOGIN
[13.05.23|21:07:03] USER: "5" ALREADY LOGGED IN
[13.05.23|21:07:03] DASHBOARD CANNOT BE ACCESSED WITHOUT USER LOGIN
[13.05.23|21:07:03] USER: "5" ALREADY LOGGED IN
[13.05.23|21:07:03] DASHBOARD CANNOT BE ACCESSED WITHOUT USER LOGIN
[13.05.23|21:07:03] USER: "5" ALREADY LOGGED IN
[13.05.23|21:07:03] DASHBOARD CANNOT BE ACCESSED WITHOUT USER LOGIN
[13.05.23|21:07:03] USER: "5" ALREADY LOGGED IN
[13.05.23|21:07:03] DASHBOARD CANNOT BE ACCESSED WITHOUT USER LOGIN
[13.05.23|21:07:03] USER: "5" ALREADY LOGGED IN
[13.05.23|21:07:08] USER: "5" ALREADY LOGGED IN
[13.05.23|21:07:09] DASHBOARD CANNOT BE ACCESSED WITHOUT USER LOGIN
[13.05.23|21:07:09] USER: "5" ALREADY LOGGED IN
[13.05.23|21:07:09] DASHBOARD CANNOT BE ACCESSED WITHOUT USER LOGIN
[13.05.23|21:07:09] USER: "5" ALREADY LOGGED IN
[13.05.23|21:07:09] DASHBOARD CANNOT BE ACCESSED WITHOUT USER LOGIN
[13.05.23|21:07:09] USER: "5" ALREADY LOGGED IN
[13.05.23|21:07:09] DASHBOARD CANNOT BE ACCESSED WITHOUT USER LOGIN
[13.05.23|21:07:09] USER: "5" ALREADY LOGGED IN
[13.05.23|21:07:09] DASHBOARD CANNOT BE ACCESSED WITHOUT USER LOGIN
[13.05.23|21:07:09] USER: "5" ALREADY LOGGED IN
[13.05.23|21:07:09] DASHBOARD CANNOT BE ACCESSED WITHOUT USER LOGIN
[13.05.23|21:07:09] USER: "5" ALREADY LOGGED IN
[13.05.23|21:07:09] DASHBOARD CANNOT BE ACCESSED WITHOUT USER LOGIN
[13.05.23|21:07:09] USER: "5" ALREADY LOGGED IN
[13.05.23|21:07:09] DASHBOARD CANNOT BE ACCESSED WITHOUT USER LOGIN
[13.05.23|21:07:09] USER: "5" ALREADY LOGGED IN
[13.05.23|21:07:09] DASHBOARD CANNOT BE ACCESSED WITHOUT USER LOGIN
[13.05.23|21:07:09] USER: "5" ALREADY LOGGED IN
[13.05.23|21:07:09] DASHBOARD CANNOT BE ACCESSED WITHOUT USER LOGIN
[13.05.23|21:07:50] Folder: "/db" FOUND
[13.05.23|21:07:50] DATABASE: "users.db" FOUND
[13.05.23|21:07:50] TABLE: "Users" FOUND
[13.05.23|21:07:50] DATABASE: "posts.db" FOUND
[13.05.23|21:07:50] TABLE: "Posts" FOUND
[13.05.23|21:07:50] DATABASE: "comments.db" FOUND
[13.05.23|21:07:50] TABLE: "Comments" FOUND
[13.05.23|21:08:00] USER: "admin" LOGGED IN
[13.05.23|21:10:30] Folder: "/db" FOUND
[13.05.23|21:10:30] DATABASE: "users.db" FOUND
[13.05.23|21:10:30] TABLE: "Users" FOUND
[13.05.23|21:10:30] DATABASE: "posts.db" FOUND
[13.05.23|21:10:30] TABLE: "Posts" FOUND
[13.05.23|21:10:30] DATABASE: "comments.db" FOUND
[13.05.23|21:10:30] TABLE: "Comments" FOUND
[13.05.23|21:10:53] USER: "admin" LOGGED IN
[13.05.23|21:12:11] Folder: "/db" FOUND
[13.05.23|21:12:11] DATABASE: "users.db" FOUND
[13.05.23|21:12:11] TABLE: "Users" FOUND
[13.05.23|21:12:11] DATABASE: "posts.db" FOUND
[13.05.23|21:12:11] TABLE: "Posts" FOUND
[13.05.23|21:12:11] DATABASE: "comments.db" FOUND
[13.05.23|21:12:11] TABLE: "Comments" FOUND
[13.05.23|21:12:27] USER: "admin" LOGGED IN
[13.05.23|21:12:31] This dashboard does not belong to user: 5
[13.05.23|21:12:31] This dashboard does not belong to user: 5
[13.05.23|21:14:02] This dashboard does not belong to user: 5
[13.05.23|21:14:06] USER: "5" ALREADY LOGGED IN
[13.05.23|21:14:07] USER: "5" ALREADY LOGGED IN
[13.05.23|21:14:07] USER: "5" ALREADY LOGGED IN
[13.05.23|21:14:08] USER: "5" ALREADY LOGGED IN
[13.05.23|21:14:08] USER: "5" ALREADY LOGGED IN
[13.05.23|21:14:08] USER: "5" ALREADY LOGGED IN
[13.05.23|21:14:18] USER: "admin" LOGGED IN
[13.05.23|21:14:22] This dashboard does not belong to user: 5
[13.05.23|21:14:24] This dashboard does not belong to user: 5
[13.05.23|21:15:42] This dashboard does not belong to user: 5
[13.05.23|21:15:44] USER: "5" ALREADY LOGGED IN
[13.05.23|21:15:54] USER: "admin" LOGGED IN
[13.05.23|21:16:08] Folder: "/db" FOUND
[13.05.23|21:16:08] DATABASE: "users.db" FOUND
[13.05.23|21:16:08] TABLE: "Users" FOUND
[13.05.23|21:16:08] DATABASE: "posts.db" FOUND
[13.05.23|21:16:08] TABLE: "Posts" FOUND
[13.05.23|21:16:08] DATABASE: "comments.db" FOUND
[13.05.23|21:16:08] TABLE: "Comments" FOUND
[13.05.23|21:16:18] USER: "admin" LOGGED IN
[13.05.23|21:16:20] USER: "5" ALREADY LOGGED IN
[13.05.23|21:16:23] You need to login to access the dashboard
[13.05.23|21:16:23] USER: "5" ALREADY LOGGED IN
[13.05.23|21:16:23] You need to login to access the dashboard
[13.05.23|21:16:23] USER: "5" ALREADY LOGGED IN
[13.05.23|21:16:23] You need to login to access the dashboard
[13.05.23|21:16:23] USER: "5" ALREADY LOGGED IN
[13.05.23|21:16:23] You need to login to access the dashboard
[13.05.23|21:16:23] USER: "5" ALREADY LOGGED IN
[13.05.23|21:16:23] You need to login to access the dashboard
[13.05.23|21:16:23] USER: "5" ALREADY LOGGED IN
[13.05.23|21:16:23] You need to login to access the dashboard
[13.05.23|21:16:23] USER: "5" ALREADY LOGGED IN
[13.05.23|21:16:23] You need to login to access the dashboard
[13.05.23|21:16:23] USER: "5" ALREADY LOGGED IN
[13.05.23|21:16:23] You need to login to access the dashboard
[13.05.23|21:16:23] USER: "5" ALREADY LOGGED IN
[13.05.23|21:16:23] You need to login to access the dashboard
[13.05.23|21:16:23] USER: "5" ALREADY LOGGED IN
[13.05.23|21:16:23] You need to login to access the dashboard
[13.05.23|21:16:23] USER: "5" ALREADY LOGGED IN
[13.05.23|21:16:41] USER: "5" ALREADY LOGGED IN
[13.05.23|21:16:55] USER: "admin" LOGGED IN
[13.05.23|21:17:01] Folder: "/db" FOUND
[13.05.23|21:17:01] DATABASE: "users.db" FOUND
[13.05.23|21:17:01] TABLE: "Users" FOUND
[13.05.23|21:17:01] DATABASE: "posts.db" FOUND
[13.05.23|21:17:01] TABLE: "Posts" FOUND
[13.05.23|21:17:01] DATABASE: "comments.db" FOUND
[13.05.23|21:17:01] TABLE: "Comments" FOUND
[13.05.23|21:17:04] USER: "5" ALREADY LOGGED IN
[13.05.23|21:17:05] USER: "5" ALREADY LOGGED IN
[13.05.23|21:18:19] Folder: "/db" FOUND
[13.05.23|21:18:19] DATABASE: "users.db" FOUND
[13.05.23|21:18:19] TABLE: "Users" FOUND
[13.05.23|21:18:19] DATABASE: "posts.db" FOUND
[13.05.23|21:18:19] TABLE: "Posts" FOUND
[13.05.23|21:18:19] DATABASE: "comments.db" FOUND
[13.05.23|21:18:19] TABLE: "Comments" FOUND
[13.05.23|21:18:22] USER: "5" ALREADY LOGGED IN
[13.05.23|21:18:24] This dashboard does not belong to user: 5
[13.05.23|21:18:26] This dashboard does not belong to user: 5
[13.05.23|21:19:29] Folder: "/db" FOUND
[13.05.23|21:19:29] DATABASE: "users.db" FOUND
[13.05.23|21:19:29] TABLE: "Users" FOUND
[13.05.23|21:19:29] DATABASE: "posts.db" FOUND
[13.05.23|21:19:29] TABLE: "Posts" FOUND
[13.05.23|21:19:29] DATABASE: "comments.db" FOUND
[13.05.23|21:19:29] TABLE: "Comments" FOUND
[13.05.23|21:19:32] This dashboard does not belong to user: 5
[13.05.23|21:19:35] USER: "5" ALREADY LOGGED IN
[13.05.23|21:19:37] POST: "1" FOUND
[13.05.23|21:19:39] USER: "5" ALREADY LOGGED IN
[13.05.23|21:19:43] This dashboard does not belong to user: 5
[13.05.23|21:19:45] USER NOT LOGGED IN
[13.05.23|21:19:45] 404
[13.05.23|21:19:49] USER: "5" ALREADY LOGGED IN
[13.05.23|21:19:51] USER: "5" ALREADY LOGGED IN
[13.05.23|21:19:55] POST: "1" FOUND
[13.05.23|21:24:19] Folder: "/db" FOUND
[13.05.23|21:24:19] DATABASE: "users.db" FOUND
[13.05.23|21:24:19] TABLE: "Users" FOUND
[13.05.23|21:24:19] DATABASE: "posts.db" FOUND
[13.05.23|21:24:19] TABLE: "Posts" FOUND
[13.05.23|21:24:19] DATABASE: "comments.db" FOUND
[13.05.23|21:24:19] TABLE: "Comments" FOUND
[13.05.23|21:24:24] POST: "1" FOUND
[13.05.23|21:26:18] Folder: "/db" FOUND
[13.05.23|21:26:18] DATABASE: "users.db" FOUND
[13.05.23|21:26:18] TABLE: "Users" FOUND
[13.05.23|21:26:18] DATABASE: "posts.db" FOUND
[13.05.23|21:26:18] TABLE: "Posts" FOUND
[13.05.23|21:26:18] DATABASE: "comments.db" FOUND
[13.05.23|21:26:18] TABLE: "Comments" FOUND
[13.05.23|21:26:21] POST: "1" FOUND
[13.05.23|21:27:52] Folder: "/db" FOUND
[13.05.23|21:27:52] DATABASE: "users.db" FOUND
[13.05.23|21:27:52] TABLE: "Users" FOUND
[13.05.23|21:27:52] DATABASE: "posts.db" FOUND
[13.05.23|21:27:52] TABLE: "Posts" FOUND
[13.05.23|21:27:52] DATABASE: "comments.db" FOUND
[13.05.23|21:27:52] TABLE: "Comments" FOUND
[13.05.23|21:27:57] POST: "1" FOUND
[13.05.23|21:27:57] POST: "1" FOUND
[13.05.23|21:28:04] POST: "1" FOUND
[13.05.23|21:28:14] USER: "admin" LOGGED IN
[13.05.23|21:34:27] Folder: "/db" FOUND
[13.05.23|21:34:27] DATABASE: "users.db" FOUND
[13.05.23|21:34:27] TABLE: "Users" FOUND
[13.05.23|21:34:27] DATABASE: "posts.db" FOUND
[13.05.23|21:34:27] TABLE: "Posts" FOUND
[13.05.23|21:34:27] DATABASE: "comments.db" FOUND
[13.05.23|21:34:27] TABLE: "Comments" FOUND
[13.05.23|21:34:31] USER: "admin" LOGGED IN
[13.05.23|21:34:42] USER: "admin" LOGGED IN
[13.05.23|21:35:13] Folder: "/db" FOUND
[13.05.23|21:35:13] DATABASE: "users.db" FOUND
[13.05.23|21:35:13] TABLE: "Users" FOUND
[13.05.23|21:35:13] DATABASE: "posts.db" FOUND
[13.05.23|21:35:13] TABLE: "Posts" FOUND
[13.05.23|21:35:13] DATABASE: "comments.db" FOUND
[13.05.23|21:35:13] TABLE: "Comments" FOUND
[13.05.23|21:35:29] USER: "admin" LOGGED IN
[13.05.23|21:35:45] POST: "1" FOUND
[13.05.23|21:36:16] Folder: "/db" FOUND
[13.05.23|21:36:16] DATABASE: "users.db" FOUND
[13.05.23|21:36:16] TABLE: "Users" FOUND
[13.05.23|21:36:16] DATABASE: "posts.db" FOUND
[13.05.23|21:36:16] TABLE: "Posts" FOUND
[13.05.23|21:36:16] DATABASE: "comments.db" FOUND
[13.05.23|21:36:16] TABLE: "Comments" FOUND
[13.05.23|21:36:16] Folder: "/db" FOUND
[13.05.23|21:36:16] DATABASE: "users.db" FOUND
[13.05.23|21:36:16] TABLE: "Users" FOUND
[13.05.23|21:36:16] DATABASE: "posts.db" FOUND
[13.05.23|21:36:16] TABLE: "Posts" FOUND
[13.05.23|21:36:16] DATABASE: "comments.db" FOUND
[13.05.23|21:36:16] TABLE: "Comments" FOUND
[13.05.23|21:36:41] USER: "admin" LOGGED IN
[13.05.23|21:38:09] Folder: "/db" FOUND
[13.05.23|21:38:09] DATABASE: "users.db" FOUND
[13.05.23|21:38:09] TABLE: "Users" FOUND
[13.05.23|21:38:09] DATABASE: "posts.db" FOUND
[13.05.23|21:38:09] TABLE: "Posts" FOUND
[13.05.23|21:38:09] DATABASE: "comments.db" FOUND
[13.05.23|21:38:09] TABLE: "Comments" FOUND
[13.05.23|21:38:09] Folder: "/db" FOUND
[13.05.23|21:38:09] DATABASE: "users.db" FOUND
[13.05.23|21:38:09] TABLE: "Users" FOUND
[13.05.23|21:38:09] DATABASE: "posts.db" FOUND
[13.05.23|21:38:09] TABLE: "Posts" FOUND
[13.05.23|21:38:09] DATABASE: "comments.db" FOUND
[13.05.23|21:38:09] TABLE: "Comments" FOUND
[13.05.23|21:38:29] USER: "admin" LOGGED IN
[13.05.23|21:39:13] Folder: "/db" FOUND
[13.05.23|21:39:13] DATABASE: "users.db" FOUND
[13.05.23|21:39:13] TABLE: "Users" FOUND
[13.05.23|21:39:13] DATABASE: "posts.db" FOUND
[13.05.23|21:39:13] TABLE: "Posts" FOUND
[13.05.23|21:39:13] DATABASE: "comments.db" FOUND
[13.05.23|21:39:13] TABLE: "Comments" FOUND
[13.05.23|21:39:14] Folder: "/db" FOUND
[13.05.23|21:39:14] DATABASE: "users.db" FOUND
[13.05.23|21:39:14] TABLE: "Users" FOUND
[13.05.23|21:39:14] DATABASE: "posts.db" FOUND
[13.05.23|21:39:14] TABLE: "Posts" FOUND
[13.05.23|21:39:14] DATABASE: "comments.db" FOUND
[13.05.23|21:39:14] TABLE: "Comments" FOUND
[13.05.23|21:39:18] USER: "admin" LOGGED IN
[13.05.23|21:39:31] You need to login to access the dashboard
[13.05.23|21:39:44] USER: "admin" LOGGED IN
[13.05.23|21:40:15] Folder: "/db" FOUND
[13.05.23|21:40:15] DATABASE: "users.db" FOUND
[13.05.23|21:40:15] TABLE: "Users" FOUND
[13.05.23|21:40:15] DATABASE: "posts.db" FOUND
[13.05.23|21:40:15] TABLE: "Posts" FOUND
[13.05.23|21:40:15] DATABASE: "comments.db" FOUND
[13.05.23|21:40:15] TABLE: "Comments" FOUND
[13.05.23|21:40:15] Folder: "/db" FOUND
[13.05.23|21:40:15] DATABASE: "users.db" FOUND
[13.05.23|21:40:15] TABLE: "Users" FOUND
[13.05.23|21:40:15] DATABASE: "posts.db" FOUND
[13.05.23|21:40:15] TABLE: "Posts" FOUND
[13.05.23|21:40:15] DATABASE: "comments.db" FOUND
[13.05.23|21:40:15] TABLE: "Comments" FOUND
[13.05.23|21:40:18] USER: "admin" LOGGED IN
[13.05.23|21:40:18] This dashboard does not belong to user: 5
[13.05.23|21:40:25] 404
[13.05.23|21:40:26] USER: "5" ALREADY LOGGED IN
[13.05.23|21:40:29] USER: "5" ALREADY LOGGED IN
[13.05.23|21:40:30] USER: "5" ALREADY LOGGED IN
[13.05.23|21:40:30] USER: "5" ALREADY LOGGED IN
[13.05.23|21:40:30] USER: "5" ALREADY LOGGED IN
[13.05.23|21:40:32] POST: "1" FOUND
[13.05.23|21:40:35] USER: "admin" FOUND
[13.05.23|21:40:35] USER: "admin"s PAGE LOADED
[13.05.23|21:40:39] USER: "5" ALREADY LOGGED IN
[13.05.23|21:40:41] POST: "1" FOUND
[13.05.23|21:40:45] 404
[13.05.23|21:40:49] This dashboard does not belong to user: 5
[13.05.23|21:41:17] Folder: "/db" FOUND
[13.05.23|21:41:17] DATABASE: "users.db" FOUND
[13.05.23|21:41:17] TABLE: "Users" FOUND
[13.05.23|21:41:17] DATABASE: "posts.db" FOUND
[13.05.23|21:41:17] TABLE: "Posts" FOUND
[13.05.23|21:41:17] DATABASE: "comments.db" FOUND
[13.05.23|21:41:17] TABLE: "Comments" FOUND
[13.05.23|21:41:20] POST: "1" FOUND
[13.05.23|21:41:28] USER: "admin" LOGGED IN
[13.05.23|21:41:31] POST: "1" FOUND
[13.05.23|21:41:32] USER: "5" ALREADY LOGGED IN
[13.05.23|21:41:32] POST: "1" FOUND
[13.05.23|21:41:33] USER: "5" ALREADY LOGGED IN
[13.05.23|21:41:36] This dashboard does not belong to user: 5
[13.05.23|21:44:40] Folder: "/db" FOUND
[13.05.23|21:44:40] DATABASE: "users.db" FOUND
[13.05.23|21:44:40] TABLE: "Users" FOUND
[13.05.23|21:44:40] DATABASE: "posts.db" FOUND
[13.05.23|21:44:40] TABLE: "Posts" FOUND
[13.05.23|21:44:40] DATABASE: "comments.db" FOUND
[13.05.23|21:44:40] TABLE: "Comments" FOUND
[13.05.23|21:48:11] Folder: "/db" FOUND
[13.05.23|21:48:11] DATABASE: "users.db" FOUND
[13.05.23|21:48:11] TABLE: "Users" FOUND
[13.05.23|21:48:11] DATABASE: "posts.db" FOUND
[13.05.23|21:48:11] TABLE: "Posts" FOUND
[13.05.23|21:48:11] DATABASE: "comments.db" FOUND
[13.05.23|21:48:11] TABLE: "Comments" FOUND
[13.05.23|21:49:19] Folder: "/db" FOUND
[13.05.23|21:49:19] DATABASE: "users.db" FOUND
[13.05.23|21:49:19] TABLE: "Users" FOUND
[13.05.23|21:49:19] DATABASE: "posts.db" FOUND
[13.05.23|21:49:19] TABLE: "Posts" FOUND
[13.05.23|21:49:19] DATABASE: "comments.db" FOUND
[13.05.23|21:49:19] TABLE: "Comments" FOUND
[13.05.23|21:53:30] Folder: "/db" FOUND
[13.05.23|21:53:30] DATABASE: "users.db" FOUND
[13.05.23|21:53:30] TABLE: "Users" FOUND
[13.05.23|21:53:30] DATABASE: "posts.db" FOUND
[13.05.23|21:53:30] TABLE: "Posts" FOUND
[13.05.23|21:53:30] DATABASE: "comments.db" FOUND
[13.05.23|21:53:30] TABLE: "Comments" FOUND
[13.05.23|21:54:23] Folder: "/db" FOUND
[13.05.23|21:54:23] DATABASE: "users.db" FOUND
[13.05.23|21:54:23] TABLE: "Users" FOUND
[13.05.23|21:54:23] DATABASE: "posts.db" FOUND
[13.05.23|21:54:23] TABLE: "Posts" FOUND
[13.05.23|21:54:23] DATABASE: "comments.db" FOUND
[13.05.23|21:54:23] TABLE: "Comments" FOUND
[13.05.23|21:55:21] Folder: "/db" FOUND
[13.05.23|21:55:21] DATABASE: "users.db" FOUND
[13.05.23|21:55:21] TABLE: "Users" FOUND
[13.05.23|21:55:21] DATABASE: "posts.db" FOUND
[13.05.23|21:55:21] TABLE: "Posts" FOUND
[13.05.23|21:55:21] DATABASE: "comments.db" FOUND
[13.05.23|21:55:21] TABLE: "Comments" FOUND
[13.05.23|21:56:41] Folder: "/db" FOUND
[13.05.23|21:56:41] DATABASE: "users.db" FOUND
[13.05.23|21:56:41] TABLE: "Users" FOUND
[13.05.23|21:56:41] DATABASE: "posts.db" FOUND
[13.05.23|21:56:41] TABLE: "Posts" FOUND
[13.05.23|21:56:41] DATABASE: "comments.db" FOUND
[13.05.23|21:56:41] TABLE: "Comments" FOUND
[13.05.23|21:58:44] Folder: "/db" FOUND
[13.05.23|21:58:44] DATABASE: "users.db" FOUND
[13.05.23|21:58:44] TABLE: "Users" FOUND
[13.05.23|21:58:44] DATABASE: "posts.db" FOUND
[13.05.23|21:58:44] TABLE: "Posts" FOUND
[13.05.23|21:58:44] DATABASE: "comments.db" FOUND
[13.05.23|21:58:44] TABLE: "Comments" FOUND
[13.05.23|21:58:50] USER: "5" ALREADY LOGGED IN
[13.05.23|21:58:55] USER: "5" ALREADY LOGGED IN
[13.05.23|21:59:04] This dashboard does not belong to user: 5
[13.05.23|22:00:05] Folder: "/db" FOUND
[13.05.23|22:00:05] DATABASE: "users.db" FOUND
[13.05.23|22:00:05] TABLE: "Users" FOUND
[13.05.23|22:00:05] DATABASE: "posts.db" FOUND
[13.05.23|22:00:05] TABLE: "Posts" FOUND
[13.05.23|22:00:05] DATABASE: "comments.db" FOUND
[13.05.23|22:00:05] TABLE: "Comments" FOUND
[13.05.23|22:00:51] Folder: "/db" FOUND
[13.05.23|22:00:51] DATABASE: "users.db" FOUND
[13.05.23|22:00:51] TABLE: "Users" FOUND
[13.05.23|22:00:51] DATABASE: "posts.db" FOUND
[13.05.23|22:00:51] TABLE: "Posts" FOUND
[13.05.23|22:00:51] DATABASE: "comments.db" FOUND
[13.05.23|22:00:51] TABLE: "Comments" FOUND
[13.05.23|22:02:11] Folder: "/db" FOUND
[13.05.23|22:02:11] DATABASE: "users.db" FOUND
[13.05.23|22:02:11] TABLE: "Users" FOUND
[13.05.23|22:02:11] DATABASE: "posts.db" FOUND
[13.05.23|22:02:11] TABLE: "Posts" FOUND
[13.05.23|22:02:11] DATABASE: "comments.db" FOUND
[13.05.23|22:02:11] TABLE: "Comments" FOUND
[13.05.23|22:02:41] Folder: "/db" FOUND
[13.05.23|22:02:41] DATABASE: "users.db" FOUND
[13.05.23|22:02:41] TABLE: "Users" FOUND
[13.05.23|22:02:41] DATABASE: "posts.db" FOUND
[13.05.23|22:02:41] TABLE: "Posts" FOUND
[13.05.23|22:02:41] DATABASE: "comments.db" FOUND
[13.05.23|22:02:41] TABLE: "Comments" FOUND
[13.05.23|22:03:35] Folder: "/db" FOUND
[13.05.23|22:03:35] DATABASE: "users.db" FOUND
[13.05.23|22:03:35] TABLE: "Users" FOUND
[13.05.23|22:03:35] DATABASE: "posts.db" FOUND
[13.05.23|22:03:35] TABLE: "Posts" FOUND
[13.05.23|22:03:35] DATABASE: "comments.db" FOUND
[13.05.23|22:03:35] TABLE: "Comments" FOUND
[13.05.23|22:03:44] USER: "5" ALREADY LOGGED IN
[13.05.23|22:04:02] USER: "admin" LOGGED IN
[13.05.23|22:04:05] This dashboard does not belong to user: 5
[13.05.23|22:09:50] Folder: "/db" FOUND
[13.05.23|22:09:50] DATABASE: "users.db" FOUND
[13.05.23|22:09:50] TABLE: "Users" FOUND
[13.05.23|22:09:50] DATABASE: "posts.db" FOUND
[13.05.23|22:09:50] TABLE: "Posts" FOUND
[13.05.23|22:09:50] DATABASE: "comments.db" FOUND
[13.05.23|22:09:50] TABLE: "Comments" FOUND
[13.05.23|22:10:00] USER NOT LOGGED IN
[13.05.23|22:10:00] 404
[13.05.23|22:10:33] USER: "5" ALREADY LOGGED IN
[13.05.23|22:10:34] USER: "5" ALREADY LOGGED IN
[13.05.23|22:11:09] USER: "5" ALREADY LOGGED IN
[13.05.23|22:11:20] Folder: "/db" FOUND
[13.05.23|22:11:20] DATABASE: "users.db" FOUND
[13.05.23|22:11:20] TABLE: "Users" FOUND
[13.05.23|22:11:20] DATABASE: "posts.db" FOUND
[13.05.23|22:11:20] TABLE: "Posts" FOUND
[13.05.23|22:11:20] DATABASE: "comments.db" FOUND
[13.05.23|22:11:20] TABLE: "Comments" FOUND
[13.05.23|22:11:41] 1 POINTS ADDED TO "admin"
[13.05.23|22:11:41] USER: "admin" LOGGED IN
[13.05.23|22:11:45] USER: "admin" FOUND
[13.05.23|22:11:45] USER: "admin"s PAGE LOADED
[13.05.23|22:11:49] This dashboard does not belong to user: 5
[13.05.23|22:11:52] This dashboard does not belong to user: 5
[13.05.23|22:12:04] POST: "hhyy" POSTED
[13.05.23|22:12:04] 20 POINTS ADDED TO "admin"
[13.05.23|22:12:06] POST: "1" FOUND
[13.05.23|22:12:10] USER: "admin" FOUND
[13.05.23|22:12:10] USER: "admin"s PAGE LOADED
[13.05.23|22:12:31] This dashboard does not belong to user: 5
[13.05.23|22:12:51] Folder: "/db" FOUND
[13.05.23|22:12:51] DATABASE: "users.db" FOUND
[13.05.23|22:12:51] TABLE: "Users" FOUND
[13.05.23|22:12:51] DATABASE: "posts.db" FOUND
[13.05.23|22:12:51] TABLE: "Posts" FOUND
[13.05.23|22:12:51] DATABASE: "comments.db" FOUND
[13.05.23|22:12:51] TABLE: "Comments" FOUND
[13.05.23|22:12:53] DASHBOARD CANNOT BE ACCESSED WITHOUT USER LOGIN
[13.05.23|22:13:01] 1 POINTS ADDED TO "admin"
[13.05.23|22:13:01] USER: "admin" LOGGED IN
[13.05.23|22:13:01] THIS IS DASHBOARD NOT BELONGS TO USER: "admin"
[13.05.23|22:13:05] POST: "2" DELETED
[13.05.23|22:13:07] POST: "1" FOUND
[13.05.23|22:13:09] USER: "admin" FOUND
[13.05.23|22:13:09] USER: "admin"s PAGE LOADED
[13.05.23|22:15:58] USER: "admin" FOUND
[13.05.23|22:15:58] USER: "admin"s PAGE LOADED
[13.05.23|22:16:00] USER: "admin" LOGGED OUT
[13.05.23|22:16:08] 1 POINTS ADDED TO "admin"
[13.05.23|22:16:08] USER: "admin" LOGGED IN
[13.05.23|22:16:10] USER: "admin" FOUND
[13.05.23|22:16:10] USER: "admin"s PAGE LOADED
[13.05.23|22:17:39] Folder: "/db" FOUND
[13.05.23|22:17:39] DATABASE: "users.db" FOUND
[13.05.23|22:17:39] TABLE: "Users" FOUND
[13.05.23|22:17:39] DATABASE: "posts.db" FOUND
[13.05.23|22:17:39] TABLE: "Posts" FOUND
[13.05.23|22:17:39] DATABASE: "comments.db" FOUND
[13.05.23|22:17:39] TABLE: "Comments" FOUND
[13.05.23|22:17:44] USER: "admin" FOUND
[13.05.23|22:17:44] USER: "admin"s PAGE LOADED
[13.05.23|22:17:53] USER: "admin" LOGGED IN
[13.05.23|22:18:15] USER: "admin" LOGGED IN
[13.05.23|22:20:31] USER: "admin" LOGGED IN
[13.05.23|22:24:26] USER: "admin" LOGGED IN
[13.05.23|22:24:56] Folder: "/db" FOUND
[13.05.23|22:24:56] DATABASE: "users.db" FOUND
[13.05.23|22:24:56] TABLE: "Users" FOUND
[13.05.23|22:24:56] DATABASE: "posts.db" FOUND
[13.05.23|22:24:56] TABLE: "Posts" FOUND
[13.05.23|22:24:56] DATABASE: "comments.db" FOUND
[13.05.23|22:24:56] TABLE: "Comments" FOUND
[13.05.23|22:25:08] 1 POINTS ADDED TO "admin"
[13.05.23|22:25:08] USER: "admin" LOGGED IN
[13.05.23|22:25:10] USER: "admin" FOUND
[13.05.23|22:25:10] USER: "admin"s PAGE LOADED
[13.05.23|22:25:30] USER: "admin" ALREADY LOGGED IN
[13.05.23|22:26:01] USER: "admin" LOGGED OUT
[13.05.23|22:26:29] USER: "{{2*2}}" ADDED TO DATABASE
[13.05.23|22:26:40] 1 POINTS ADDED TO "{{2*2}}"
[13.05.23|22:26:40] USER: "{{2*2}}" LOGGED IN
[13.05.23|22:26:43] USER: "{{2*2}}" FOUND
[13.05.23|22:26:43] USER: "{{2*2}}"s PAGE LOADED
[13.05.23|22:27:10] USER: "{{2*2}}" FOUND
[13.05.23|22:27:10] USER: "{{2*2}}"s PAGE LOADED
[13.05.23|22:27:22] USER: "{{2*2}}" FOUND
[13.05.23|22:27:22] USER: "{{2*2}}"s PAGE LOADED
[13.05.23|22:27:31] USER: "dsmdkasf" NOT FOUND
[13.05.23|22:27:39] USER: "{{2*2}}" FOUND
[13.05.23|22:27:39] USER: "{{2*2}}"s PAGE LOADED
[13.05.23|22:27:39] USER: "{{2*2}}" LOGGED OUT
[13.05.23|22:28:05] THIS USERNAME "{{2*2}}" IS UNAVAILABLE 
[13.05.23|22:28:20] POST: "1" FOUND
[13.05.23|22:29:02] POST: "1" FOUND
[13.05.23|22:29:49] WRONG PASSWORD
[13.05.23|22:29:58] USER: "adminfef" NOT FOUND
[13.05.23|22:30:26] USER: "adminfef" NOT FOUND
[13.05.23|22:30:32] USER: "adminfef" NOT FOUND
[13.05.23|22:30:39] Folder: "/db" FOUND
[13.05.23|22:30:39] DATABASE: "users.db" FOUND
[13.05.23|22:30:39] TABLE: "Users" FOUND
[13.05.23|22:30:39] DATABASE: "posts.db" FOUND
[13.05.23|22:30:39] TABLE: "Posts" FOUND
[13.05.23|22:30:39] DATABASE: "comments.db" FOUND
[13.05.23|22:30:39] TABLE: "Comments" FOUND
[13.05.23|22:30:42] USER: "adminfef" NOT FOUND
[13.05.23|22:34:13] USER: "adminfef" NOT FOUND
[13.05.23|22:35:12] Folder: "/db" FOUND
[13.05.23|22:35:12] DATABASE: "users.db" FOUND
[13.05.23|22:35:12] TABLE: "Users" FOUND
[13.05.23|22:35:12] DATABASE: "posts.db" FOUND
[13.05.23|22:35:12] TABLE: "Posts" FOUND
[13.05.23|22:35:12] DATABASE: "comments.db" FOUND
[13.05.23|22:35:12] TABLE: "Comments" FOUND
[13.05.23|22:35:16] USER: "adminfef" NOT FOUND
[13.05.23|22:39:02] 404
[13.05.23|22:40:54] USER: "ergerg" NOT FOUND
[13.05.23|22:41:08] USER: "ergerg{2*2}gg4g" NOT FOUND
[13.05.23|22:41:32] USER: "ergerg{{2*2}}gg4g" NOT FOUND
[13.05.23|22:42:38] USER: "ergerg{{2*2}}gg4g" NOT FOUND
[13.05.23|22:43:05] USER: "ergerg{{2*2}}gg4g" NOT FOUND
[13.05.23|22:47:48] Folder: "/db" FOUND
[13.05.23|22:47:48] DATABASE: "users.db" FOUND
[13.05.23|22:47:48] TABLE: "Users" FOUND
[13.05.23|22:47:48] DATABASE: "posts.db" FOUND
[13.05.23|22:47:48] TABLE: "Posts" FOUND
[13.05.23|22:47:48] DATABASE: "comments.db" FOUND
[13.05.23|22:47:48] TABLE: "Comments" FOUND
[13.05.23|22:49:42] Folder: "/db" FOUND
[13.05.23|22:49:42] DATABASE: "users.db" FOUND
[13.05.23|22:49:42] TABLE: "Users" FOUND
[13.05.23|22:49:42] DATABASE: "posts.db" FOUND
[13.05.23|22:49:42] TABLE: "Posts" FOUND
[13.05.23|22:49:42] DATABASE: "comments.db" FOUND
[13.05.23|22:49:42] TABLE: "Comments" FOUND
[13.05.23|22:50:00] USER: "ergerg" NOT FOUND
[13.05.23|22:51:30] USER: "ergerg" NOT FOUND
[13.05.23|22:53:46] Folder: "/db" FOUND
[13.05.23|22:53:46] DATABASE: "users.db" FOUND
[13.05.23|22:53:46] TABLE: "Users" FOUND
[13.05.23|22:53:46] DATABASE: "posts.db" FOUND
[13.05.23|22:53:46] TABLE: "Posts" FOUND
[13.05.23|22:53:46] DATABASE: "comments.db" FOUND
[13.05.23|22:53:46] TABLE: "Comments" FOUND
[13.05.23|22:53:51] USER:  NOT FOUND
[13.05.23|22:53:55] USER:  NOT FOUND
[13.05.23|22:54:43] Folder: "/db" FOUND
[13.05.23|22:54:43] DATABASE: "users.db" FOUND
[13.05.23|22:54:43] TABLE: "Users" FOUND
[13.05.23|22:54:43] DATABASE: "posts.db" FOUND
[13.05.23|22:54:43] TABLE: "Posts" FOUND
[13.05.23|22:54:43] DATABASE: "comments.db" FOUND
[13.05.23|22:54:43] TABLE: "Comments" FOUND
[13.05.23|22:55:28] WRONG PASSWORD
[13.05.23|22:55:33] WRONG PASSWORD
[13.05.23|22:55:38] 1 POINTS ADDED TO "{{2*2}}"
[13.05.23|22:55:38] USER: "{{2*2}}" LOGGED IN
[13.05.23|22:55:38] 404
[13.05.23|22:55:42] USER: "{{2*2}}" LOGGED OUT
[13.05.23|22:55:59] USER:  NOT FOUND
[13.05.23|22:56:02] USER:  NOT FOUND
[13.05.23|22:57:06] USER:  NOT FOUND
[13.05.23|22:57:10] Folder: "/db" FOUND
[13.05.23|22:57:10] DATABASE: "users.db" FOUND
[13.05.23|22:57:10] TABLE: "Users" FOUND
[13.05.23|22:57:10] DATABASE: "posts.db" FOUND
[13.05.23|22:57:10] TABLE: "Posts" FOUND
[13.05.23|22:57:10] DATABASE: "comments.db" FOUND
[13.05.23|22:57:10] TABLE: "Comments" FOUND
[13.05.23|22:57:13] USER: "{{3*3}}" NOT FOUND
[13.05.23|22:58:05] Folder: "/db" FOUND
[13.05.23|22:58:05] DATABASE: "users.db" FOUND
[13.05.23|22:58:05] TABLE: "Users" FOUND
[13.05.23|22:58:05] DATABASE: "posts.db" FOUND
[13.05.23|22:58:05] TABLE: "Posts" FOUND
[13.05.23|22:58:05] DATABASE: "comments.db" FOUND
[13.05.23|22:58:05] TABLE: "Comments" FOUND
[13.05.23|23:01:25] Folder: "/db" FOUND
[13.05.23|23:01:25] DATABASE: "users.db" FOUND
[13.05.23|23:01:25] TABLE: "Users" FOUND
[13.05.23|23:01:25] DATABASE: "posts.db" FOUND
[13.05.23|23:01:25] TABLE: "Posts" FOUND
[13.05.23|23:01:25] DATABASE: "comments.db" FOUND
[13.05.23|23:01:25] TABLE: "Comments" FOUND
[13.05.23|23:01:30] USER: "9" NOT FOUND
[13.05.23|23:01:37] USER: "9" NOT FOUND
[13.05.23|23:02:16] Folder: "/db" FOUND
[13.05.23|23:02:16] DATABASE: "users.db" FOUND
[13.05.23|23:02:16] TABLE: "Users" FOUND
[13.05.23|23:02:16] DATABASE: "posts.db" FOUND
[13.05.23|23:02:16] TABLE: "Posts" FOUND
[13.05.23|23:02:16] DATABASE: "comments.db" FOUND
[13.05.23|23:02:16] TABLE: "Comments" FOUND
[13.05.23|23:03:10] Folder: "/db" FOUND
[13.05.23|23:03:10] DATABASE: "users.db" FOUND
[13.05.23|23:03:10] TABLE: "Users" FOUND
[13.05.23|23:03:10] DATABASE: "posts.db" FOUND
[13.05.23|23:03:10] TABLE: "Posts" FOUND
[13.05.23|23:03:10] DATABASE: "comments.db" FOUND
[13.05.23|23:03:10] TABLE: "Comments" FOUND
[13.05.23|23:03:19] USER: "rewrewr" NOT FOUND
[13.05.23|23:03:28] POST: "1" FOUND
[13.05.23|23:04:36] Folder: "/db" FOUND
[13.05.23|23:04:36] DATABASE: "users.db" FOUND
[13.05.23|23:04:36] TABLE: "Users" FOUND
[13.05.23|23:04:36] DATABASE: "posts.db" FOUND
[13.05.23|23:04:36] TABLE: "Posts" FOUND
[13.05.23|23:04:36] DATABASE: "comments.db" FOUND
[13.05.23|23:04:36] TABLE: "Comments" FOUND
[13.05.23|23:04:41] POST: "1" FOUND
[13.05.23|23:05:48] 1 POINTS ADDED TO "admin"
[13.05.23|23:05:48] USER: "admin" LOGGED IN
[13.05.23|23:05:50] POST: "1" FOUND
[13.05.23|23:05:53] POST: "1" FOUND
[13.05.23|23:05:58] POST: "1" FOUND
[13.05.23|23:05:58] POST: "InitCorp" EDITED
[13.05.23|23:05:58] POST: "1" FOUND
[13.05.23|23:06:04] POST: "1" FOUND
[13.05.23|23:07:43] Folder: "/db" FOUND
[13.05.23|23:07:43] DATABASE: "users.db" FOUND
[13.05.23|23:07:43] TABLE: "Users" FOUND
[13.05.23|23:07:43] DATABASE: "posts.db" FOUND
[13.05.23|23:07:43] TABLE: "Posts" FOUND
[13.05.23|23:07:43] DATABASE: "comments.db" FOUND
[13.05.23|23:07:43] TABLE: "Comments" FOUND
[13.05.23|23:07:52] 404
[13.05.23|23:08:12] Folder: "/db" FOUND
[13.05.23|23:08:12] DATABASE: "users.db" FOUND
[13.05.23|23:08:12] TABLE: "Users" FOUND
[13.05.23|23:08:12] DATABASE: "posts.db" FOUND
[13.05.23|23:08:12] TABLE: "Posts" FOUND
[13.05.23|23:08:12] DATABASE: "comments.db" FOUND
[13.05.23|23:08:12] TABLE: "Comments" FOUND
[13.05.23|23:08:58] Folder: "/db" FOUND
[13.05.23|23:08:58] DATABASE: "users.db" FOUND
[13.05.23|23:08:58] TABLE: "Users" FOUND
[13.05.23|23:08:58] DATABASE: "posts.db" FOUND
[13.05.23|23:08:58] TABLE: "Posts" FOUND
[13.05.23|23:08:58] DATABASE: "comments.db" FOUND
[13.05.23|23:08:58] TABLE: "Comments" FOUND
[13.05.23|23:09:03] POST: "1" FOUND
[13.05.23|23:09:16] 1 POINTS ADDED TO "admin"
[13.05.23|23:09:16] USER: "admin" LOGGED IN
[13.05.23|23:09:18] POST: "1" FOUND
[13.05.23|23:09:20] POST: "1" FOUND
[13.05.23|23:09:26] POST: "1" FOUND
[13.05.23|23:09:26] POST: "InitCorp" EDITED
[13.05.23|23:09:26] POST: "1" FOUND
[13.05.23|23:09:30] USER: "admin" FOUND
[13.05.23|23:09:30] USER: "admin"s PAGE LOADED
[13.05.23|23:12:17] Folder: "/db" FOUND
[13.05.23|23:12:17] DATABASE: "users.db" FOUND
[13.05.23|23:12:17] TABLE: "Users" FOUND
[13.05.23|23:12:17] DATABASE: "posts.db" FOUND
[13.05.23|23:12:17] TABLE: "Posts" FOUND
[13.05.23|23:12:17] DATABASE: "comments.db" FOUND
[13.05.23|23:12:17] TABLE: "Comments" FOUND
[13.05.23|23:12:20] USER: "admin" NOT FOUND
[13.05.23|23:12:29] 1 POINTS ADDED TO "Phillip"
[13.05.23|23:12:29] USER: "Phillip" LOGGED IN
[13.05.23|23:12:32] POST: "1" FOUND
[13.05.23|23:12:53] Folder: "/db" FOUND
[13.05.23|23:12:53] DATABASE: "users.db" FOUND
[13.05.23|23:12:53] TABLE: "Users" FOUND
[13.05.23|23:12:53] DATABASE: "posts.db" FOUND
[13.05.23|23:12:53] TABLE: "Posts" FOUND
[13.05.23|23:12:53] DATABASE: "comments.db" FOUND
[13.05.23|23:12:53] TABLE: "Comments" FOUND
[13.05.23|23:12:57] POST: "1" FOUND
[13.05.23|23:13:08] Folder: "/db" FOUND
[13.05.23|23:13:08] DATABASE: "users.db" FOUND
[13.05.23|23:13:08] TABLE: "Users" FOUND
[13.05.23|23:13:08] DATABASE: "posts.db" FOUND
[13.05.23|23:13:08] TABLE: "Posts" FOUND
[13.05.23|23:13:08] DATABASE: "comments.db" FOUND
[13.05.23|23:13:08] TABLE: "Comments" FOUND
[13.05.23|23:13:11] USER NOT LOGGED IN
[13.05.23|23:13:11] 404
[13.05.23|23:13:22] 1 POINTS ADDED TO "Phillip"
[13.05.23|23:13:22] USER: "Phillip" LOGGED IN
[13.05.23|23:13:52] POST: "InitCorp" POSTED
[13.05.23|23:13:52] 20 POINTS ADDED TO "Phillip"
[13.05.23|23:13:54] POST: "1" FOUND
[13.05.23|23:13:56] POST: "2" FOUND
[13.05.23|23:13:58] USER: "phillip" FOUND
[13.05.23|23:13:58] USER: "phillip"s PAGE LOADED
[13.05.23|23:14:02] USER: "phillip" FOUND
[13.05.23|23:14:02] USER: "phillip"s PAGE LOADED
[13.05.23|23:14:05] USER: "phillip" FOUND
[13.05.23|23:14:05] USER: "phillip"s PAGE LOADED
[13.05.23|23:14:35] Folder: "/db" FOUND
[13.05.23|23:14:35] DATABASE: "users.db" FOUND
[13.05.23|23:14:35] TABLE: "Users" FOUND
[13.05.23|23:14:35] DATABASE: "posts.db" NOT FOUND
[13.05.23|23:14:35] DATABASE: "posts.db" CREATED
[13.05.23|23:14:35] TABLE: "Posts" NOT FOUND
[13.05.23|23:14:35] TABLE: "Posts" CREATED
[13.05.23|23:14:35] DATABASE: "comments.db" FOUND
[13.05.23|23:14:35] TABLE: "Comments" FOUND
[13.05.23|23:14:52] 1 POINTS ADDED TO "Phillip"
[13.05.23|23:14:52] USER: "Phillip" LOGGED IN
[13.05.23|23:15:55] POST: "InitCorp" POSTED
[13.05.23|23:15:55] 20 POINTS ADDED TO "Phillip"
[13.05.23|23:15:57] POST: "1" FOUND
[13.05.23|23:17:33] Folder: "/db" FOUND
[13.05.23|23:17:33] DATABASE: "users.db" FOUND
[13.05.23|23:17:33] TABLE: "Users" FOUND
[13.05.23|23:17:33] DATABASE: "posts.db" FOUND
[13.05.23|23:17:33] TABLE: "Posts" FOUND
[13.05.23|23:17:33] DATABASE: "comments.db" FOUND
[13.05.23|23:17:33] TABLE: "Comments" FOUND
[13.05.23|23:17:36] USER: "phillip" FOUND
[13.05.23|23:17:36] USER: "phillip"s PAGE LOADED
[13.05.23|23:17:44] USER: "efewiufu" NOT FOUND
[13.05.23|23:17:55] 1 POINTS ADDED TO "{{2*2}}"
[13.05.23|23:17:55] USER: "{{2*2}}" LOGGED IN
[13.05.23|23:17:58] USER: "{{2*2}}" LOGGED OUT
[13.05.23|23:19:31] Folder: "/db" FOUND
[13.05.23|23:19:31] DATABASE: "users.db" FOUND
[13.05.23|23:19:31] TABLE: "Users" FOUND
[13.05.23|23:19:31] DATABASE: "posts.db" FOUND
[13.05.23|23:19:31] TABLE: "Posts" FOUND
[13.05.23|23:19:31] DATABASE: "comments.db" FOUND
[13.05.23|23:19:31] TABLE: "Comments" FOUND
[13.05.23|23:20:05] USER: "9" NOT FOUND
[13.05.23|23:20:11] USER: "16" NOT FOUND
[13.05.23|23:20:17] USER: "8" NOT FOUND
[13.05.23|23:20:21] USER: "4" NOT FOUND
[13.05.23|23:20:48] USER: "dict_items([(&#39;ENV&#39;, &#39;production&#39;), (&#39;DEBUG&#39;, False), (&#39;TESTING&#39;, False), (&#39;PROPAGATE_EXCEPTIONS&#39;, None), (&#39;SECRET_KEY&#39;, &#39;MxAvnUG7hrn1pjiCpomwn79V0zyesyLBqbAafntiU3o&#39;), (&#39;PERMANENT_SESSION_LIFETIME&#39;, datetime.timedelta(days=31)), (&#39;USE_X_SENDFILE&#39;, False), (&#39;SERVER_NAME&#39;, None), (&#39;APPLICATION_ROOT&#39;, &#39;/&#39;), (&#39;SESSION_COOKIE_NAME&#39;, &#39;session&#39;), (&#39;SESSION_COOKIE_DOMAIN&#39;, False), (&#39;SESSION_COOKIE_PATH&#39;, None), (&#39;SESSION_COOKIE_HTTPONLY&#39;, True), (&#39;SESSION_COOKIE_SECURE&#39;, False), (&#39;SESSION_COOKIE_SAMESITE&#39;, None), (&#39;SESSION_REFRESH_EACH_REQUEST&#39;, True), (&#39;MAX_CONTENT_LENGTH&#39;, None), (&#39;SEND_FILE_MAX_AGE_DEFAULT&#39;, None), (&#39;TRAP_BAD_REQUEST_ERRORS&#39;, None), (&#39;TRAP_HTTP_EXCEPTIONS&#39;, False), (&#39;EXPLAIN_TEMPLATE_LOADING&#39;, False), (&#39;PREFERRED_URL_SCHEME&#39;, &#39;http&#39;), (&#39;JSON_AS_ASCII&#39;, None), (&#39;JSON_SORT_KEYS&#39;, None), (&#39;JSONIFY_PRETTYPRINT_REGULAR&#39;, None), (&#39;JSONIFY_MIMETYPE&#39;, None), (&#39;TEMPLATES_AUTO_RELOAD&#39;, None), (&#39;MAX_COOKIE_SIZE&#39;, 4093), (&#39;SESSION_PERMANENT&#39;, True), (&#39;JWT_TOKEN_LOCATION&#39;, [&#39;cookies&#39;]), (&#39;JWT_ACCESS_COOKIE_PATH&#39;, &#39;*&#39;), (&#39;JWT_ACCESS_COOKIE_NAME&#39;, &#39;access_token&#39;), (&#39;JWT_SECRET_KEY&#39;, &#39;your_secret_key_here&#39;), (&#39;JWT_ACCESS_CSRF_HEADER_NAME&#39;, &#39;X-CSRF-TOKEN&#39;), (&#39;JWT_ACCESS_CSRF_FIELD_NAME&#39;, &#39;csrf_token&#39;), (&#39;JWT_COOKIE_CSRF_PROTECT&#39;, True), (&#39;JWT_CSRF_METHODS&#39;, [&#39;POST&#39;, &#39;PUT&#39;, &#39;PATCH&#39;, &#39;DELETE&#39;]), (&#39;JWT_ACCESS_TOKEN_EXPIRES&#39;, datetime.timedelta(seconds=900)), (&#39;JWT_ACCESS_CSRF_COOKIE_NAME&#39;, &#39;csrf_access_token&#39;), (&#39;JWT_ACCESS_CSRF_COOKIE_PATH&#39;, &#39;/&#39;), (&#39;JWT_ALGORITHM&#39;, &#39;HS256&#39;), (&#39;JWT_COOKIE_DOMAIN&#39;, None), (&#39;JWT_COOKIE_SAMESITE&#39;, None), (&#39;JWT_COOKIE_SECURE&#39;, False), (&#39;JWT_CSRF_CHECK_FORM&#39;, False), (&#39;JWT_CSRF_IN_COOKIES&#39;, True), (&#39;JWT_DECODE_ALGORITHMS&#39;, None), (&#39;JWT_DECODE_AUDIENCE&#39;, None), (&#39;JWT_DECODE_ISSUER&#39;, None), (&#39;JWT_DECODE_LEEWAY&#39;, 0), (&#39;JWT_ENCODE_AUDIENCE&#39;, None), (&#39;JWT_ENCODE_ISSUER&#39;, None), (&#39;JWT_ERROR_MESSAGE_KEY&#39;, &#39;msg&#39;), (&#39;JWT_HEADER_NAME&#39;, &#39;Authorization&#39;), (&#39;JWT_HEADER_TYPE&#39;, &#39;Bearer&#39;), (&#39;JWT_IDENTITY_CLAIM&#39;, &#39;sub&#39;), (&#39;JWT_JSON_KEY&#39;, &#39;access_token&#39;), (&#39;JWT_PRIVATE_KEY&#39;, None), (&#39;JWT_PUBLIC_KEY&#39;, None), (&#39;JWT_QUERY_STRING_NAME&#39;, &#39;jwt&#39;), (&#39;JWT_QUERY_STRING_VALUE_PREFIX&#39;, &#39;&#39;), (&#39;JWT_REFRESH_COOKIE_NAME&#39;, &#39;refresh_token_cookie&#39;), (&#39;JWT_REFRESH_COOKIE_PATH&#39;, &#39;/&#39;), (&#39;JWT_REFRESH_CSRF_COOKIE_NAME&#39;, &#39;csrf_refresh_token&#39;), (&#39;JWT_REFRESH_CSRF_COOKIE_PATH&#39;, &#39;/&#39;), (&#39;JWT_REFRESH_CSRF_FIELD_NAME&#39;, &#39;csrf_token&#39;), (&#39;JWT_REFRESH_CSRF_HEADER_NAME&#39;, &#39;X-CSRF-TOKEN&#39;), (&#39;JWT_REFRESH_JSON_KEY&#39;, &#39;refresh_token&#39;), (&#39;JWT_REFRESH_TOKEN_EXPIRES&#39;, datetime.timedelta(days=30)), (&#39;JWT_SESSION_COOKIE&#39;, True), (&#39;JWT_ENCODE_NBF&#39;, True)])" NOT FOUND
[13.05.23|23:21:23] USER: "&lt;Config {&#39;ENV&#39;: &#39;production&#39;, &#39;DEBUG&#39;: False, &#39;TESTING&#39;: False, &#39;PROPAGATE_EXCEPTIONS&#39;: None, &#39;SECRET_KEY&#39;: &#39;MxAvnUG7hrn1pjiCpomwn79V0zyesyLBqbAafntiU3o&#39;, &#39;PERMANENT_SESSION_LIFETIME&#39;: datetime.timedelta(days=31), &#39;USE_X_SENDFILE&#39;: False, &#39;SERVER_NAME&#39;: None, &#39;APPLICATION_ROOT&#39;: &#39;/&#39;, &#39;SESSION_COOKIE_NAME&#39;: &#39;session&#39;, &#39;SESSION_COOKIE_DOMAIN&#39;: False, &#39;SESSION_COOKIE_PATH&#39;: None, &#39;SESSION_COOKIE_HTTPONLY&#39;: True, &#39;SESSION_COOKIE_SECURE&#39;: False, &#39;SESSION_COOKIE_SAMESITE&#39;: None, &#39;SESSION_REFRESH_EACH_REQUEST&#39;: True, &#39;MAX_CONTENT_LENGTH&#39;: None, &#39;SEND_FILE_MAX_AGE_DEFAULT&#39;: None, &#39;TRAP_BAD_REQUEST_ERRORS&#39;: None, &#39;TRAP_HTTP_EXCEPTIONS&#39;: False, &#39;EXPLAIN_TEMPLATE_LOADING&#39;: False, &#39;PREFERRED_URL_SCHEME&#39;: &#39;http&#39;, &#39;JSON_AS_ASCII&#39;: None, &#39;JSON_SORT_KEYS&#39;: None, &#39;JSONIFY_PRETTYPRINT_REGULAR&#39;: None, &#39;JSONIFY_MIMETYPE&#39;: None, &#39;TEMPLATES_AUTO_RELOAD&#39;: None, &#39;MAX_COOKIE_SIZE&#39;: 4093, &#39;SESSION_PERMANENT&#39;: True, &#39;JWT_TOKEN_LOCATION&#39;: [&#39;cookies&#39;], &#39;JWT_ACCESS_COOKIE_PATH&#39;: &#39;*&#39;, &#39;JWT_ACCESS_COOKIE_NAME&#39;: &#39;access_token&#39;, &#39;JWT_SECRET_KEY&#39;: &#39;your_secret_key_here&#39;, &#39;JWT_ACCESS_CSRF_HEADER_NAME&#39;: &#39;X-CSRF-TOKEN&#39;, &#39;JWT_ACCESS_CSRF_FIELD_NAME&#39;: &#39;csrf_token&#39;, &#39;JWT_COOKIE_CSRF_PROTECT&#39;: True, &#39;JWT_CSRF_METHODS&#39;: [&#39;POST&#39;, &#39;PUT&#39;, &#39;PATCH&#39;, &#39;DELETE&#39;], &#39;JWT_ACCESS_TOKEN_EXPIRES&#39;: datetime.timedelta(seconds=900), &#39;JWT_ACCESS_CSRF_COOKIE_NAME&#39;: &#39;csrf_access_token&#39;, &#39;JWT_ACCESS_CSRF_COOKIE_PATH&#39;: &#39;/&#39;, &#39;JWT_ALGORITHM&#39;: &#39;HS256&#39;, &#39;JWT_COOKIE_DOMAIN&#39;: None, &#39;JWT_COOKIE_SAMESITE&#39;: None, &#39;JWT_COOKIE_SECURE&#39;: False, &#39;JWT_CSRF_CHECK_FORM&#39;: False, &#39;JWT_CSRF_IN_COOKIES&#39;: True, &#39;JWT_DECODE_ALGORITHMS&#39;: None, &#39;JWT_DECODE_AUDIENCE&#39;: None, &#39;JWT_DECODE_ISSUER&#39;: None, &#39;JWT_DECODE_LEEWAY&#39;: 0, &#39;JWT_ENCODE_AUDIENCE&#39;: None, &#39;JWT_ENCODE_ISSUER&#39;: None, &#39;JWT_ERROR_MESSAGE_KEY&#39;: &#39;msg&#39;, &#39;JWT_HEADER_NAME&#39;: &#39;Authorization&#39;, &#39;JWT_HEADER_TYPE&#39;: &#39;Bearer&#39;, &#39;JWT_IDENTITY_CLAIM&#39;: &#39;sub&#39;, &#39;JWT_JSON_KEY&#39;: &#39;access_token&#39;, &#39;JWT_PRIVATE_KEY&#39;: None, &#39;JWT_PUBLIC_KEY&#39;: None, &#39;JWT_QUERY_STRING_NAME&#39;: &#39;jwt&#39;, &#39;JWT_QUERY_STRING_VALUE_PREFIX&#39;: &#39;&#39;, &#39;JWT_REFRESH_COOKIE_NAME&#39;: &#39;refresh_token_cookie&#39;, &#39;JWT_REFRESH_COOKIE_PATH&#39;: &#39;/&#39;, &#39;JWT_REFRESH_CSRF_COOKIE_NAME&#39;: &#39;csrf_refresh_token&#39;, &#39;JWT_REFRESH_CSRF_COOKIE_PATH&#39;: &#39;/&#39;, &#39;JWT_REFRESH_CSRF_FIELD_NAME&#39;: &#39;csrf_token&#39;, &#39;JWT_REFRESH_CSRF_HEADER_NAME&#39;: &#39;X-CSRF-TOKEN&#39;, &#39;JWT_REFRESH_JSON_KEY&#39;: &#39;refresh_token&#39;, &#39;JWT_REFRESH_TOKEN_EXPIRES&#39;: datetime.timedelta(days=30), &#39;JWT_SESSION_COOKIE&#39;: True, &#39;JWT_ENCODE_NBF&#39;: True}&gt;" NOT FOUND
[13.05.23|23:21:31] USER: "&lt;Config {&#39;ENV&#39;: &#39;production&#39;, &#39;DEBUG&#39;: False, &#39;TESTING&#39;: False, &#39;PROPAGATE_EXCEPTIONS&#39;: None, &#39;SECRET_KEY&#39;: &#39;MxAvnUG7hrn1pjiCpomwn79V0zyesyLBqbAafntiU3o&#39;, &#39;PERMANENT_SESSION_LIFETIME&#39;: datetime.timedelta(days=31), &#39;USE_X_SENDFILE&#39;: False, &#39;SERVER_NAME&#39;: None, &#39;APPLICATION_ROOT&#39;: &#39;/&#39;, &#39;SESSION_COOKIE_NAME&#39;: &#39;session&#39;, &#39;SESSION_COOKIE_DOMAIN&#39;: False, &#39;SESSION_COOKIE_PATH&#39;: None, &#39;SESSION_COOKIE_HTTPONLY&#39;: True, &#39;SESSION_COOKIE_SECURE&#39;: False, &#39;SESSION_COOKIE_SAMESITE&#39;: None, &#39;SESSION_REFRESH_EACH_REQUEST&#39;: True, &#39;MAX_CONTENT_LENGTH&#39;: None, &#39;SEND_FILE_MAX_AGE_DEFAULT&#39;: None, &#39;TRAP_BAD_REQUEST_ERRORS&#39;: None, &#39;TRAP_HTTP_EXCEPTIONS&#39;: False, &#39;EXPLAIN_TEMPLATE_LOADING&#39;: False, &#39;PREFERRED_URL_SCHEME&#39;: &#39;http&#39;, &#39;JSON_AS_ASCII&#39;: None, &#39;JSON_SORT_KEYS&#39;: None, &#39;JSONIFY_PRETTYPRINT_REGULAR&#39;: None, &#39;JSONIFY_MIMETYPE&#39;: None, &#39;TEMPLATES_AUTO_RELOAD&#39;: None, &#39;MAX_COOKIE_SIZE&#39;: 4093, &#39;SESSION_PERMANENT&#39;: True, &#39;JWT_TOKEN_LOCATION&#39;: [&#39;cookies&#39;], &#39;JWT_ACCESS_COOKIE_PATH&#39;: &#39;*&#39;, &#39;JWT_ACCESS_COOKIE_NAME&#39;: &#39;access_token&#39;, &#39;JWT_SECRET_KEY&#39;: &#39;your_secret_key_here&#39;, &#39;JWT_ACCESS_CSRF_HEADER_NAME&#39;: &#39;X-CSRF-TOKEN&#39;, &#39;JWT_ACCESS_CSRF_FIELD_NAME&#39;: &#39;csrf_token&#39;, &#39;JWT_COOKIE_CSRF_PROTECT&#39;: True, &#39;JWT_CSRF_METHODS&#39;: [&#39;POST&#39;, &#39;PUT&#39;, &#39;PATCH&#39;, &#39;DELETE&#39;], &#39;JWT_ACCESS_TOKEN_EXPIRES&#39;: datetime.timedelta(seconds=900), &#39;JWT_ACCESS_CSRF_COOKIE_NAME&#39;: &#39;csrf_access_token&#39;, &#39;JWT_ACCESS_CSRF_COOKIE_PATH&#39;: &#39;/&#39;, &#39;JWT_ALGORITHM&#39;: &#39;HS256&#39;, &#39;JWT_COOKIE_DOMAIN&#39;: None, &#39;JWT_COOKIE_SAMESITE&#39;: None, &#39;JWT_COOKIE_SECURE&#39;: False, &#39;JWT_CSRF_CHECK_FORM&#39;: False, &#39;JWT_CSRF_IN_COOKIES&#39;: True, &#39;JWT_DECODE_ALGORITHMS&#39;: None, &#39;JWT_DECODE_AUDIENCE&#39;: None, &#39;JWT_DECODE_ISSUER&#39;: None, &#39;JWT_DECODE_LEEWAY&#39;: 0, &#39;JWT_ENCODE_AUDIENCE&#39;: None, &#39;JWT_ENCODE_ISSUER&#39;: None, &#39;JWT_ERROR_MESSAGE_KEY&#39;: &#39;msg&#39;, &#39;JWT_HEADER_NAME&#39;: &#39;Authorization&#39;, &#39;JWT_HEADER_TYPE&#39;: &#39;Bearer&#39;, &#39;JWT_IDENTITY_CLAIM&#39;: &#39;sub&#39;, &#39;JWT_JSON_KEY&#39;: &#39;access_token&#39;, &#39;JWT_PRIVATE_KEY&#39;: None, &#39;JWT_PUBLIC_KEY&#39;: None, &#39;JWT_QUERY_STRING_NAME&#39;: &#39;jwt&#39;, &#39;JWT_QUERY_STRING_VALUE_PREFIX&#39;: &#39;&#39;, &#39;JWT_REFRESH_COOKIE_NAME&#39;: &#39;refresh_token_cookie&#39;, &#39;JWT_REFRESH_COOKIE_PATH&#39;: &#39;/&#39;, &#39;JWT_REFRESH_CSRF_COOKIE_NAME&#39;: &#39;csrf_refresh_token&#39;, &#39;JWT_REFRESH_CSRF_COOKIE_PATH&#39;: &#39;/&#39;, &#39;JWT_REFRESH_CSRF_FIELD_NAME&#39;: &#39;csrf_token&#39;, &#39;JWT_REFRESH_CSRF_HEADER_NAME&#39;: &#39;X-CSRF-TOKEN&#39;, &#39;JWT_REFRESH_JSON_KEY&#39;: &#39;refresh_token&#39;, &#39;JWT_REFRESH_TOKEN_EXPIRES&#39;: datetime.timedelta(days=30), &#39;JWT_SESSION_COOKIE&#39;: True, &#39;JWT_ENCODE_NBF&#39;: True}&gt;" NOT FOUND
[13.05.23|23:22:43] USER: "1234567891011121314151617" NOT FOUND
[13.05.23|23:23:50] USER: "1234567891011121314151617" NOT FOUND
[13.05.23|23:23:51] USER: "1234567891011121314151617" NOT FOUND
[13.05.23|23:24:12] USER: "1089" NOT FOUND
[13.05.23|23:25:58] USER: "dict_items([(&#39;ENV&#39;, &#39;production&#39;), (&#39;DEBUG&#39;, False), (&#39;TESTING&#39;, False), (&#39;PROPAGATE_EXCEPTIONS&#39;, None), (&#39;SECRET_KEY&#39;, &#39;MxAvnUG7hrn1pjiCpomwn79V0zyesyLBqbAafntiU3o&#39;), (&#39;PERMANENT_SESSION_LIFETIME&#39;, datetime.timedelta(days=31)), (&#39;USE_X_SENDFILE&#39;, False), (&#39;SERVER_NAME&#39;, None), (&#39;APPLICATION_ROOT&#39;, &#39;/&#39;), (&#39;SESSION_COOKIE_NAME&#39;, &#39;session&#39;), (&#39;SESSION_COOKIE_DOMAIN&#39;, False), (&#39;SESSION_COOKIE_PATH&#39;, None), (&#39;SESSION_COOKIE_HTTPONLY&#39;, True), (&#39;SESSION_COOKIE_SECURE&#39;, False), (&#39;SESSION_COOKIE_SAMESITE&#39;, None), (&#39;SESSION_REFRESH_EACH_REQUEST&#39;, True), (&#39;MAX_CONTENT_LENGTH&#39;, None), (&#39;SEND_FILE_MAX_AGE_DEFAULT&#39;, None), (&#39;TRAP_BAD_REQUEST_ERRORS&#39;, None), (&#39;TRAP_HTTP_EXCEPTIONS&#39;, False), (&#39;EXPLAIN_TEMPLATE_LOADING&#39;, False), (&#39;PREFERRED_URL_SCHEME&#39;, &#39;http&#39;), (&#39;JSON_AS_ASCII&#39;, None), (&#39;JSON_SORT_KEYS&#39;, None), (&#39;JSONIFY_PRETTYPRINT_REGULAR&#39;, None), (&#39;JSONIFY_MIMETYPE&#39;, None), (&#39;TEMPLATES_AUTO_RELOAD&#39;, None), (&#39;MAX_COOKIE_SIZE&#39;, 4093), (&#39;SESSION_PERMANENT&#39;, True), (&#39;JWT_TOKEN_LOCATION&#39;, [&#39;cookies&#39;]), (&#39;JWT_ACCESS_COOKIE_PATH&#39;, &#39;*&#39;), (&#39;JWT_ACCESS_COOKIE_NAME&#39;, &#39;access_token&#39;), (&#39;JWT_SECRET_KEY&#39;, &#39;your_secret_key_here&#39;), (&#39;JWT_ACCESS_CSRF_HEADER_NAME&#39;, &#39;X-CSRF-TOKEN&#39;), (&#39;JWT_ACCESS_CSRF_FIELD_NAME&#39;, &#39;csrf_token&#39;), (&#39;JWT_COOKIE_CSRF_PROTECT&#39;, True), (&#39;JWT_CSRF_METHODS&#39;, [&#39;POST&#39;, &#39;PUT&#39;, &#39;PATCH&#39;, &#39;DELETE&#39;]), (&#39;JWT_ACCESS_TOKEN_EXPIRES&#39;, datetime.timedelta(seconds=900)), (&#39;JWT_ACCESS_CSRF_COOKIE_NAME&#39;, &#39;csrf_access_token&#39;), (&#39;JWT_ACCESS_CSRF_COOKIE_PATH&#39;, &#39;/&#39;), (&#39;JWT_ALGORITHM&#39;, &#39;HS256&#39;), (&#39;JWT_COOKIE_DOMAIN&#39;, None), (&#39;JWT_COOKIE_SAMESITE&#39;, None), (&#39;JWT_COOKIE_SECURE&#39;, False), (&#39;JWT_CSRF_CHECK_FORM&#39;, False), (&#39;JWT_CSRF_IN_COOKIES&#39;, True), (&#39;JWT_DECODE_ALGORITHMS&#39;, None), (&#39;JWT_DECODE_AUDIENCE&#39;, None), (&#39;JWT_DECODE_ISSUER&#39;, None), (&#39;JWT_DECODE_LEEWAY&#39;, 0), (&#39;JWT_ENCODE_AUDIENCE&#39;, None), (&#39;JWT_ENCODE_ISSUER&#39;, None), (&#39;JWT_ERROR_MESSAGE_KEY&#39;, &#39;msg&#39;), (&#39;JWT_HEADER_NAME&#39;, &#39;Authorization&#39;), (&#39;JWT_HEADER_TYPE&#39;, &#39;Bearer&#39;), (&#39;JWT_IDENTITY_CLAIM&#39;, &#39;sub&#39;), (&#39;JWT_JSON_KEY&#39;, &#39;access_token&#39;), (&#39;JWT_PRIVATE_KEY&#39;, None), (&#39;JWT_PUBLIC_KEY&#39;, None), (&#39;JWT_QUERY_STRING_NAME&#39;, &#39;jwt&#39;), (&#39;JWT_QUERY_STRING_VALUE_PREFIX&#39;, &#39;&#39;), (&#39;JWT_REFRESH_COOKIE_NAME&#39;, &#39;refresh_token_cookie&#39;), (&#39;JWT_REFRESH_COOKIE_PATH&#39;, &#39;/&#39;), (&#39;JWT_REFRESH_CSRF_COOKIE_NAME&#39;, &#39;csrf_refresh_token&#39;), (&#39;JWT_REFRESH_CSRF_COOKIE_PATH&#39;, &#39;/&#39;), (&#39;JWT_REFRESH_CSRF_FIELD_NAME&#39;, &#39;csrf_token&#39;), (&#39;JWT_REFRESH_CSRF_HEADER_NAME&#39;, &#39;X-CSRF-TOKEN&#39;), (&#39;JWT_REFRESH_JSON_KEY&#39;, &#39;refresh_token&#39;), (&#39;JWT_REFRESH_TOKEN_EXPIRES&#39;, datetime.timedelta(days=30)), (&#39;JWT_SESSION_COOKIE&#39;, True), (&#39;JWT_ENCODE_NBF&#39;, True)])" NOT FOUND
[13.05.23|23:26:50] USER: "uid=1000(tree) gid=1000(tree) groups=1000(tree),4(adm),24(cdrom),27(sudo),30(dip),46(plugdev),115(lpadmin),137(sambashare)
" NOT FOUND
[13.05.23|23:27:04] USER: "tree
" NOT FOUND
[13.05.23|23:27:37] USER: "uid=1000(tree) gid=1000(tree) groups=1000(tree),4(adm),24(cdrom),27(sudo),30(dip),46(plugdev),115(lpadmin),137(sambashare)
" NOT FOUND
[13.05.23|23:28:24] USER: "uid=1000(tree) gid=1000(tree) groups=1000(tree),4(adm),24(cdrom),27(sudo),30(dip),46(plugdev),115(lpadmin),137(sambashare)
" NOT FOUND
[23.05.23|14:41:02] 404
[23.05.23|14:41:31] 404
[23.05.23|14:41:36] 404
